[0.000000] (-) TimerEvent: {}
[0.000939] (gps_rtk2) JobQueued: {'identifier': 'gps_rtk2', 'dependencies': OrderedDict()}
[0.001230] (imu) JobQueued: {'identifier': 'imu', 'dependencies': OrderedDict()}
[0.001969] (vnpy) JobQueued: {'identifier': 'vnpy', 'dependencies': OrderedDict()}
[0.002553] (gps_rtk2) JobStarted: {'identifier': 'gps_rtk2'}
[0.063964] (imu) JobStarted: {'identifier': 'imu'}
[0.099163] (-) TimerEvent: {}
[0.116700] (vnpy) JobStarted: {'identifier': 'vnpy'}
[0.199411] (-) TimerEvent: {}
[0.300258] (-) TimerEvent: {}
[0.400950] (-) TimerEvent: {}
[0.501638] (-) TimerEvent: {}
[0.602326] (-) TimerEvent: {}
[0.703001] (-) TimerEvent: {}
[0.803683] (-) TimerEvent: {}
[0.904310] (-) TimerEvent: {}
[1.004937] (-) TimerEvent: {}
[1.105718] (-) TimerEvent: {}
[1.164138] (imu) JobEnded: {'identifier': 'imu', 'rc': 0}
[1.169769] (gps_rtk2) JobEnded: {'identifier': 'gps_rtk2', 'rc': 'SIGINT'}
[1.171178] (vnpy) JobEnded: {'identifier': 'vnpy', 'rc': 'SIGINT'}
[1.181879] (-) EventReactorShutdown: {}
