[0.885s] Invoking command in '/home/vom/ros2_ws/RasPi_GPS_IMU/build/yansa_bringup': CMAKE_PREFIX_PATH=${CMAKE_PREFIX_PATH}:/home/vom/ros2_ws/RasPi_LiDAR/install/velodyne_lidar:/home/vom/ros2_ws/HusarionRosbot2R/install/my_robot_controller:/home/vom/ros2_ws/RasPi_GPS_IMU/install/imu:/home/vom/ros2_ws/RasPi_GPS_IMU/install/gps_rtk2:/opt/ros/humble /usr/bin/cmake /home/vom/ros2_ws/RasPi_GPS_IMU/src/yansa_bringup -DAMENT_CMAKE_SYMLINK_INSTALL=1 -DCMAKE_INSTALL_PREFIX=/home/vom/ros2_ws/RasPi_GPS_IMU/install/yansa_bringup
[1.331s] -- The C compiler identification is GNU 11.4.0
[1.745s] -- The CXX compiler identification is GNU 11.4.0
[1.778s] -- Detecting C compiler ABI info
[1.965s] -- Detecting C compiler ABI info - done
[1.974s] -- Check for working C compiler: /usr/bin/cc - skipped
[1.975s] -- Detecting C compile features
[1.977s] -- Detecting C compile features - done
[1.982s] -- Detecting CXX compiler ABI info
[2.071s] -- Detecting CXX compiler ABI info - done
[2.081s] -- Check for working CXX compiler: /usr/bin/c++ - skipped
[2.081s] -- Detecting CXX compile features
[2.082s] -- Detecting CXX compile features - done
[2.099s] -- Found ament_cmake: 1.3.5 (/opt/ros/humble/share/ament_cmake/cmake)
[2.345s] -- Found Python3: /usr/bin/python3.10 (found version "3.10.12") found components: Interpreter 
[2.456s] -- Override CMake install command with custom implementation using symlinks instead of copying resources
[2.631s] -- Configuring done
[2.633s] -- Generating done
[2.634s] -- Build files have been written to: /home/vom/ros2_ws/RasPi_GPS_IMU/build/yansa_bringup
[2.762s] Invoked command in '/home/vom/ros2_ws/RasPi_GPS_IMU/build/yansa_bringup' returned '0': CMAKE_PREFIX_PATH=${CMAKE_PREFIX_PATH}:/home/vom/ros2_ws/RasPi_LiDAR/install/velodyne_lidar:/home/vom/ros2_ws/HusarionRosbot2R/install/my_robot_controller:/home/vom/ros2_ws/RasPi_GPS_IMU/install/imu:/home/vom/ros2_ws/RasPi_GPS_IMU/install/gps_rtk2:/opt/ros/humble /usr/bin/cmake /home/vom/ros2_ws/RasPi_GPS_IMU/src/yansa_bringup -DAMENT_CMAKE_SYMLINK_INSTALL=1 -DCMAKE_INSTALL_PREFIX=/home/vom/ros2_ws/RasPi_GPS_IMU/install/yansa_bringup
[2.763s] Invoking command in '/home/vom/ros2_ws/RasPi_GPS_IMU/build/yansa_bringup': CMAKE_PREFIX_PATH=${CMAKE_PREFIX_PATH}:/home/vom/ros2_ws/RasPi_LiDAR/install/velodyne_lidar:/home/vom/ros2_ws/HusarionRosbot2R/install/my_robot_controller:/home/vom/ros2_ws/RasPi_GPS_IMU/install/imu:/home/vom/ros2_ws/RasPi_GPS_IMU/install/gps_rtk2:/opt/ros/humble /usr/bin/cmake --build /home/vom/ros2_ws/RasPi_GPS_IMU/build/yansa_bringup -- -j8 -l8
[2.807s] Invoked command in '/home/vom/ros2_ws/RasPi_GPS_IMU/build/yansa_bringup' returned '0': CMAKE_PREFIX_PATH=${CMAKE_PREFIX_PATH}:/home/vom/ros2_ws/RasPi_LiDAR/install/velodyne_lidar:/home/vom/ros2_ws/HusarionRosbot2R/install/my_robot_controller:/home/vom/ros2_ws/RasPi_GPS_IMU/install/imu:/home/vom/ros2_ws/RasPi_GPS_IMU/install/gps_rtk2:/opt/ros/humble /usr/bin/cmake --build /home/vom/ros2_ws/RasPi_GPS_IMU/build/yansa_bringup -- -j8 -l8
[2.845s] Invoking command in '/home/vom/ros2_ws/RasPi_GPS_IMU/build/yansa_bringup': CMAKE_PREFIX_PATH=${CMAKE_PREFIX_PATH}:/home/vom/ros2_ws/RasPi_LiDAR/install/velodyne_lidar:/home/vom/ros2_ws/HusarionRosbot2R/install/my_robot_controller:/home/vom/ros2_ws/RasPi_GPS_IMU/install/imu:/home/vom/ros2_ws/RasPi_GPS_IMU/install/gps_rtk2:/opt/ros/humble /usr/bin/cmake --install /home/vom/ros2_ws/RasPi_GPS_IMU/build/yansa_bringup
[2.854s] -- Install configuration: ""
[2.855s] -- Execute custom install script
[2.855s] -- Symlinking: /home/vom/ros2_ws/RasPi_GPS_IMU/install/yansa_bringup/share/yansa_bringup/launch/gps_imu_launch.py
[2.866s] -- Symlinking: /home/vom/ros2_ws/RasPi_GPS_IMU/install/yansa_bringup/share/ament_index/resource_index/package_run_dependencies/yansa_bringup
[2.876s] -- Symlinking: /home/vom/ros2_ws/RasPi_GPS_IMU/install/yansa_bringup/share/ament_index/resource_index/parent_prefix_path/yansa_bringup
[2.886s] -- Symlinking: /home/vom/ros2_ws/RasPi_GPS_IMU/install/yansa_bringup/share/yansa_bringup/environment/ament_prefix_path.sh
[2.895s] -- Symlinking: /home/vom/ros2_ws/RasPi_GPS_IMU/install/yansa_bringup/share/yansa_bringup/environment/ament_prefix_path.dsv
[2.903s] -- Symlinking: /home/vom/ros2_ws/RasPi_GPS_IMU/install/yansa_bringup/share/yansa_bringup/environment/path.sh
[2.911s] -- Symlinking: /home/vom/ros2_ws/RasPi_GPS_IMU/install/yansa_bringup/share/yansa_bringup/environment/path.dsv
[2.918s] -- Symlinking: /home/vom/ros2_ws/RasPi_GPS_IMU/install/yansa_bringup/share/yansa_bringup/local_setup.bash
[2.925s] -- Symlinking: /home/vom/ros2_ws/RasPi_GPS_IMU/install/yansa_bringup/share/yansa_bringup/local_setup.sh
[2.932s] -- Symlinking: /home/vom/ros2_ws/RasPi_GPS_IMU/install/yansa_bringup/share/yansa_bringup/local_setup.zsh
[2.939s] -- Symlinking: /home/vom/ros2_ws/RasPi_GPS_IMU/install/yansa_bringup/share/yansa_bringup/local_setup.dsv
[2.948s] -- Symlinking: /home/vom/ros2_ws/RasPi_GPS_IMU/install/yansa_bringup/share/yansa_bringup/package.dsv
[2.956s] -- Symlinking: /home/vom/ros2_ws/RasPi_GPS_IMU/install/yansa_bringup/share/ament_index/resource_index/packages/yansa_bringup
[2.966s] -- Symlinking: /home/vom/ros2_ws/RasPi_GPS_IMU/install/yansa_bringup/share/yansa_bringup/cmake/yansa_bringupConfig.cmake
[2.974s] -- Symlinking: /home/vom/ros2_ws/RasPi_GPS_IMU/install/yansa_bringup/share/yansa_bringup/cmake/yansa_bringupConfig-version.cmake
[2.982s] -- Symlinking: /home/vom/ros2_ws/RasPi_GPS_IMU/install/yansa_bringup/share/yansa_bringup/package.xml
[2.993s] Invoked command in '/home/vom/ros2_ws/RasPi_GPS_IMU/build/yansa_bringup' returned '0': CMAKE_PREFIX_PATH=${CMAKE_PREFIX_PATH}:/home/vom/ros2_ws/RasPi_LiDAR/install/velodyne_lidar:/home/vom/ros2_ws/HusarionRosbot2R/install/my_robot_controller:/home/vom/ros2_ws/RasPi_GPS_IMU/install/imu:/home/vom/ros2_ws/RasPi_GPS_IMU/install/gps_rtk2:/opt/ros/humble /usr/bin/cmake --install /home/vom/ros2_ws/RasPi_GPS_IMU/build/yansa_bringup
