[1.247s] DEBUG:colcon:Command line arguments: ['/usr/bin/colcon', 'build', '--symlink-install']
[1.247s] DEBUG:colcon:Parsed command line arguments: Namespace(allow_overriding=[], ament_cmake_args=None, base_paths=['.'], build_base='build', catkin_cmake_args=None, catkin_skip_building_tests=False, cmake_args=None, cmake_clean_cache=False, cmake_clean_first=False, cmake_force_configure=False, cmake_target=None, cmake_target_skip_unavailable=False, continue_on_error=False, event_handlers=None, executor='parallel', ignore_user_meta=False, install_base='install', log_base=None, log_level=None, main=<bound method BuildVerb.main of <colcon_core.verb.build.BuildVerb object at 0xffffb833cd30>>, merge_install=False, metas=['./colcon.meta'], packages_above=None, packages_above_and_dependencies=None, packages_above_depth=None, packages_end=None, packages_ignore=None, packages_ignore_regex=None, packages_select=None, packages_select_build_failed=False, packages_select_by_dep=None, packages_select_regex=None, packages_select_test_failures=False, packages_skip=None, packages_skip_build_finished=False, packages_skip_by_dep=None, packages_skip_regex=None, packages_skip_test_passed=False, packages_skip_up_to=None, packages_start=None, packages_up_to=None, packages_up_to_regex=None, parallel_workers=4, paths=None, symlink_install=True, test_result_base=None, verb_extension=<colcon_core.verb.build.BuildVerb object at 0xffffb833cd30>, verb_name='build', verb_parser=<colcon_defaults.argument_parser.defaults.DefaultArgumentsDecorator object at 0xffffb83482e0>)
[1.349s] Level 1:colcon.colcon_core.package_discovery:discover_packages(colcon_meta) check parameters
[1.349s] Level 1:colcon.colcon_core.package_discovery:discover_packages(recursive) check parameters
[1.350s] Level 1:colcon.colcon_core.package_discovery:discover_packages(ignore) check parameters
[1.350s] Level 1:colcon.colcon_core.package_discovery:discover_packages(path) check parameters
[1.350s] Level 1:colcon.colcon_core.package_discovery:discover_packages(colcon_meta) discover
[1.350s] Level 1:colcon.colcon_core.package_discovery:discover_packages(recursive) discover
[1.350s] INFO:colcon.colcon_core.package_discovery:Crawling recursively for packages in '/home/ubuntu/RasPi_GPS_IMU'
[1.350s] Level 1:colcon.colcon_core.package_identification:_identify(.) by extensions ['ignore', 'ignore_ament_install']
[1.351s] Level 1:colcon.colcon_core.package_identification:_identify(.) by extension 'ignore'
[1.352s] Level 1:colcon.colcon_core.package_identification:_identify(.) by extension 'ignore_ament_install'
[1.352s] Level 1:colcon.colcon_core.package_identification:_identify(.) by extensions ['colcon_pkg']
[1.352s] Level 1:colcon.colcon_core.package_identification:_identify(.) by extension 'colcon_pkg'
[1.352s] Level 1:colcon.colcon_core.package_identification:_identify(.) by extensions ['colcon_meta']
[1.352s] Level 1:colcon.colcon_core.package_identification:_identify(.) by extension 'colcon_meta'
[1.352s] Level 1:colcon.colcon_core.package_identification:_identify(.) by extensions ['ros']
[1.352s] Level 1:colcon.colcon_core.package_identification:_identify(.) by extension 'ros'
[1.426s] Level 1:colcon.colcon_core.package_identification:_identify(.) by extensions ['cmake', 'python']
[1.426s] Level 1:colcon.colcon_core.package_identification:_identify(.) by extension 'cmake'
[1.427s] Level 1:colcon.colcon_core.package_identification:_identify(.) by extension 'python'
[1.427s] Level 1:colcon.colcon_core.package_identification:_identify(.) by extensions ['python_setup_py']
[1.427s] Level 1:colcon.colcon_core.package_identification:_identify(.) by extension 'python_setup_py'
[1.427s] Level 1:colcon.colcon_core.package_identification:_identify(build) by extensions ['ignore', 'ignore_ament_install']
[1.428s] Level 1:colcon.colcon_core.package_identification:_identify(build) by extension 'ignore'
[1.428s] Level 1:colcon.colcon_core.package_identification:_identify(build) ignored
[1.428s] Level 1:colcon.colcon_core.package_identification:_identify(install) by extensions ['ignore', 'ignore_ament_install']
[1.429s] Level 1:colcon.colcon_core.package_identification:_identify(install) by extension 'ignore'
[1.429s] Level 1:colcon.colcon_core.package_identification:_identify(install) ignored
[1.430s] Level 1:colcon.colcon_core.package_identification:_identify(log) by extensions ['ignore', 'ignore_ament_install']
[1.430s] Level 1:colcon.colcon_core.package_identification:_identify(log) by extension 'ignore'
[1.430s] Level 1:colcon.colcon_core.package_identification:_identify(log) ignored
[1.430s] Level 1:colcon.colcon_core.package_identification:_identify(src) by extensions ['ignore', 'ignore_ament_install']
[1.431s] Level 1:colcon.colcon_core.package_identification:_identify(src) by extension 'ignore'
[1.431s] Level 1:colcon.colcon_core.package_identification:_identify(src) by extension 'ignore_ament_install'
[1.431s] Level 1:colcon.colcon_core.package_identification:_identify(src) by extensions ['colcon_pkg']
[1.431s] Level 1:colcon.colcon_core.package_identification:_identify(src) by extension 'colcon_pkg'
[1.431s] Level 1:colcon.colcon_core.package_identification:_identify(src) by extensions ['colcon_meta']
[1.431s] Level 1:colcon.colcon_core.package_identification:_identify(src) by extension 'colcon_meta'
[1.431s] Level 1:colcon.colcon_core.package_identification:_identify(src) by extensions ['ros']
[1.432s] Level 1:colcon.colcon_core.package_identification:_identify(src) by extension 'ros'
[1.432s] Level 1:colcon.colcon_core.package_identification:_identify(src) by extensions ['cmake', 'python']
[1.432s] Level 1:colcon.colcon_core.package_identification:_identify(src) by extension 'cmake'
[1.432s] Level 1:colcon.colcon_core.package_identification:_identify(src) by extension 'python'
[1.432s] Level 1:colcon.colcon_core.package_identification:_identify(src) by extensions ['python_setup_py']
[1.432s] Level 1:colcon.colcon_core.package_identification:_identify(src) by extension 'python_setup_py'
[1.433s] Level 1:colcon.colcon_core.package_identification:_identify(src/gps_rtk2) by extensions ['ignore', 'ignore_ament_install']
[1.433s] Level 1:colcon.colcon_core.package_identification:_identify(src/gps_rtk2) by extension 'ignore'
[1.433s] Level 1:colcon.colcon_core.package_identification:_identify(src/gps_rtk2) by extension 'ignore_ament_install'
[1.434s] Level 1:colcon.colcon_core.package_identification:_identify(src/gps_rtk2) by extensions ['colcon_pkg']
[1.434s] Level 1:colcon.colcon_core.package_identification:_identify(src/gps_rtk2) by extension 'colcon_pkg'
[1.434s] Level 1:colcon.colcon_core.package_identification:_identify(src/gps_rtk2) by extensions ['colcon_meta']
[1.434s] Level 1:colcon.colcon_core.package_identification:_identify(src/gps_rtk2) by extension 'colcon_meta'
[1.434s] Level 1:colcon.colcon_core.package_identification:_identify(src/gps_rtk2) by extensions ['ros']
[1.434s] Level 1:colcon.colcon_core.package_identification:_identify(src/gps_rtk2) by extension 'ros'
[1.443s] DEBUG:colcon.colcon_core.package_identification:Package 'src/gps_rtk2' with type 'ros.ament_python' and name 'gps_rtk2'
[1.443s] Level 1:colcon.colcon_core.package_identification:_identify(src/imu) by extensions ['ignore', 'ignore_ament_install']
[1.443s] Level 1:colcon.colcon_core.package_identification:_identify(src/imu) by extension 'ignore'
[1.444s] Level 1:colcon.colcon_core.package_identification:_identify(src/imu) by extension 'ignore_ament_install'
[1.444s] Level 1:colcon.colcon_core.package_identification:_identify(src/imu) by extensions ['colcon_pkg']
[1.444s] Level 1:colcon.colcon_core.package_identification:_identify(src/imu) by extension 'colcon_pkg'
[1.444s] Level 1:colcon.colcon_core.package_identification:_identify(src/imu) by extensions ['colcon_meta']
[1.444s] Level 1:colcon.colcon_core.package_identification:_identify(src/imu) by extension 'colcon_meta'
[1.445s] Level 1:colcon.colcon_core.package_identification:_identify(src/imu) by extensions ['ros']
[1.445s] Level 1:colcon.colcon_core.package_identification:_identify(src/imu) by extension 'ros'
[1.447s] DEBUG:colcon.colcon_core.package_identification:Package 'src/imu' with type 'ros.ament_python' and name 'imu'
[1.447s] Level 1:colcon.colcon_core.package_discovery:discover_packages(recursive) using defaults
[1.447s] Level 1:colcon.colcon_core.package_discovery:discover_packages(ignore) discover
[1.447s] Level 1:colcon.colcon_core.package_discovery:discover_packages(ignore) using defaults
[1.447s] Level 1:colcon.colcon_core.package_discovery:discover_packages(path) discover
[1.447s] Level 1:colcon.colcon_core.package_discovery:discover_packages(path) using defaults
[1.524s] Level 1:colcon.colcon_core.package_discovery:discover_packages(prefix_path) check parameters
[1.524s] Level 1:colcon.colcon_core.package_discovery:discover_packages(prefix_path) discover
[1.535s] DEBUG:colcon.colcon_installed_package_information.package_discovery:Found 2 installed packages in /home/ubuntu/RasPi_GPS_IMU/install
[1.545s] DEBUG:colcon.colcon_installed_package_information.package_discovery:Found 256 installed packages in /opt/ros/foxy
[1.551s] Level 1:colcon.colcon_core.package_discovery:discover_packages(prefix_path) using defaults
[1.829s] Level 5:colcon.colcon_core.verb:set package 'gps_rtk2' build argument 'cmake_args' from command line to 'None'
[1.830s] Level 5:colcon.colcon_core.verb:set package 'gps_rtk2' build argument 'cmake_target' from command line to 'None'
[1.830s] Level 5:colcon.colcon_core.verb:set package 'gps_rtk2' build argument 'cmake_target_skip_unavailable' from command line to 'False'
[1.830s] Level 5:colcon.colcon_core.verb:set package 'gps_rtk2' build argument 'cmake_clean_cache' from command line to 'False'
[1.830s] Level 5:colcon.colcon_core.verb:set package 'gps_rtk2' build argument 'cmake_clean_first' from command line to 'False'
[1.830s] Level 5:colcon.colcon_core.verb:set package 'gps_rtk2' build argument 'cmake_force_configure' from command line to 'False'
[1.830s] Level 5:colcon.colcon_core.verb:set package 'gps_rtk2' build argument 'ament_cmake_args' from command line to 'None'
[1.830s] Level 5:colcon.colcon_core.verb:set package 'gps_rtk2' build argument 'catkin_cmake_args' from command line to 'None'
[1.830s] Level 5:colcon.colcon_core.verb:set package 'gps_rtk2' build argument 'catkin_skip_building_tests' from command line to 'False'
[1.830s] DEBUG:colcon.colcon_core.verb:Building package 'gps_rtk2' with the following arguments: {'ament_cmake_args': None, 'build_base': '/home/ubuntu/RasPi_GPS_IMU/build/gps_rtk2', 'catkin_cmake_args': None, 'catkin_skip_building_tests': False, 'cmake_args': None, 'cmake_clean_cache': False, 'cmake_clean_first': False, 'cmake_force_configure': False, 'cmake_target': None, 'cmake_target_skip_unavailable': False, 'install_base': '/home/ubuntu/RasPi_GPS_IMU/install/gps_rtk2', 'merge_install': False, 'path': '/home/ubuntu/RasPi_GPS_IMU/src/gps_rtk2', 'symlink_install': True, 'test_result_base': None}
[1.834s] Level 5:colcon.colcon_core.verb:set package 'imu' build argument 'cmake_args' from command line to 'None'
[1.835s] Level 5:colcon.colcon_core.verb:set package 'imu' build argument 'cmake_target' from command line to 'None'
[1.835s] Level 5:colcon.colcon_core.verb:set package 'imu' build argument 'cmake_target_skip_unavailable' from command line to 'False'
[1.835s] Level 5:colcon.colcon_core.verb:set package 'imu' build argument 'cmake_clean_cache' from command line to 'False'
[1.835s] Level 5:colcon.colcon_core.verb:set package 'imu' build argument 'cmake_clean_first' from command line to 'False'
[1.835s] Level 5:colcon.colcon_core.verb:set package 'imu' build argument 'cmake_force_configure' from command line to 'False'
[1.835s] Level 5:colcon.colcon_core.verb:set package 'imu' build argument 'ament_cmake_args' from command line to 'None'
[1.835s] Level 5:colcon.colcon_core.verb:set package 'imu' build argument 'catkin_cmake_args' from command line to 'None'
[1.835s] Level 5:colcon.colcon_core.verb:set package 'imu' build argument 'catkin_skip_building_tests' from command line to 'False'
[1.835s] DEBUG:colcon.colcon_core.verb:Building package 'imu' with the following arguments: {'ament_cmake_args': None, 'build_base': '/home/ubuntu/RasPi_GPS_IMU/build/imu', 'catkin_cmake_args': None, 'catkin_skip_building_tests': False, 'cmake_args': None, 'cmake_clean_cache': False, 'cmake_clean_first': False, 'cmake_force_configure': False, 'cmake_target': None, 'cmake_target_skip_unavailable': False, 'install_base': '/home/ubuntu/RasPi_GPS_IMU/install/imu', 'merge_install': False, 'path': '/home/ubuntu/RasPi_GPS_IMU/src/imu', 'symlink_install': True, 'test_result_base': None}
[1.838s] INFO:colcon.colcon_core.executor:Executing jobs using 'parallel' executor
[1.851s] DEBUG:colcon.colcon_parallel_executor.executor.parallel:run_until_complete
[1.852s] INFO:colcon.colcon_ros.task.ament_python.build:Building ROS package in '/home/ubuntu/RasPi_GPS_IMU/src/gps_rtk2' with build type 'ament_python'
[1.853s] Level 1:colcon.colcon_core.shell:create_environment_hook('gps_rtk2', 'ament_prefix_path')
[1.873s] INFO:colcon.colcon_core.plugin_system:Skipping extension 'colcon_core.shell.bat': Not used on non-Windows systems
[1.874s] INFO:colcon.colcon_core.shell:Creating environment hook '/home/ubuntu/RasPi_GPS_IMU/install/gps_rtk2/share/gps_rtk2/hook/ament_prefix_path.ps1'
[1.876s] INFO:colcon.colcon_core.shell:Creating environment descriptor '/home/ubuntu/RasPi_GPS_IMU/install/gps_rtk2/share/gps_rtk2/hook/ament_prefix_path.dsv'
[1.878s] INFO:colcon.colcon_core.shell:Creating environment hook '/home/ubuntu/RasPi_GPS_IMU/install/gps_rtk2/share/gps_rtk2/hook/ament_prefix_path.sh'
[1.889s] INFO:colcon.colcon_core.shell:Skip shell extension 'powershell' for command environment: Not usable outside of PowerShell
[1.889s] DEBUG:colcon.colcon_core.shell:Skip shell extension 'dsv' for command environment
[1.917s] INFO:colcon.colcon_ros.task.ament_python.build:Building ROS package in '/home/ubuntu/RasPi_GPS_IMU/src/imu' with build type 'ament_python'
[1.918s] Level 1:colcon.colcon_core.shell:create_environment_hook('imu', 'ament_prefix_path')
[1.926s] INFO:colcon.colcon_core.shell:Creating environment hook '/home/ubuntu/RasPi_GPS_IMU/install/imu/share/imu/hook/ament_prefix_path.ps1'
[1.929s] INFO:colcon.colcon_core.shell:Creating environment descriptor '/home/ubuntu/RasPi_GPS_IMU/install/imu/share/imu/hook/ament_prefix_path.dsv'
[1.931s] INFO:colcon.colcon_core.shell:Creating environment hook '/home/ubuntu/RasPi_GPS_IMU/install/imu/share/imu/hook/ament_prefix_path.sh'
[1.941s] INFO:colcon.colcon_core.shell:Skip shell extension 'powershell' for command environment: Not usable outside of PowerShell
[1.942s] DEBUG:colcon.colcon_core.shell:Skip shell extension 'dsv' for command environment
[2.942s] INFO:colcon.colcon_core.task.python.build:Building Python package in '/home/ubuntu/RasPi_GPS_IMU/src/gps_rtk2'
[2.947s] INFO:colcon.colcon_core.shell:Skip shell extension 'powershell' for command environment: Not usable outside of PowerShell
[2.948s] DEBUG:colcon.colcon_core.shell:Skip shell extension 'dsv' for command environment
[3.925s] INFO:colcon.colcon_core.task.python.build:Building Python package in '/home/ubuntu/RasPi_GPS_IMU/src/imu'
[3.931s] INFO:colcon.colcon_core.shell:Skip shell extension 'powershell' for command environment: Not usable outside of PowerShell
[3.932s] DEBUG:colcon.colcon_core.shell:Skip shell extension 'dsv' for command environment
[5.840s] DEBUG:colcon.colcon_core.event_handler.log_command:Invoking command in '/home/ubuntu/RasPi_GPS_IMU/build/gps_rtk2': PYTHONPATH=/home/ubuntu/RasPi_GPS_IMU/build/gps_rtk2/prefix_override:/home/ubuntu/RasPi_GPS_IMU/install/gps_rtk2/lib/python3.8/site-packages:${PYTHONPATH} /usr/bin/python3 setup.py develop --editable --build-directory /home/ubuntu/RasPi_GPS_IMU/build/gps_rtk2/build --no-deps install_data
[5.873s] DEBUG:colcon.colcon_core.event_handler.log_command:Invoking command in '/home/ubuntu/RasPi_GPS_IMU/build/imu': PYTHONPATH=/home/ubuntu/RasPi_GPS_IMU/build/imu/prefix_override:/home/ubuntu/RasPi_GPS_IMU/install/imu/lib/python3.8/site-packages:${PYTHONPATH} /usr/bin/python3 setup.py develop --editable --build-directory /home/ubuntu/RasPi_GPS_IMU/build/imu/build --no-deps install_data
[8.206s] Level 1:colcon.colcon_core.shell:create_environment_hook('gps_rtk2', 'pythonpath_develop')
[8.212s] INFO:colcon.colcon_core.shell:Creating environment hook '/home/ubuntu/RasPi_GPS_IMU/build/gps_rtk2/share/gps_rtk2/hook/pythonpath_develop.ps1'
[8.214s] DEBUG:colcon.colcon_core.event_handler.log_command:Invoked command in '/home/ubuntu/RasPi_GPS_IMU/build/gps_rtk2' returned '0': PYTHONPATH=/home/ubuntu/RasPi_GPS_IMU/build/gps_rtk2/prefix_override:/home/ubuntu/RasPi_GPS_IMU/install/gps_rtk2/lib/python3.8/site-packages:${PYTHONPATH} /usr/bin/python3 setup.py develop --editable --build-directory /home/ubuntu/RasPi_GPS_IMU/build/gps_rtk2/build --no-deps install_data
[8.216s] INFO:colcon.colcon_core.shell:Creating environment descriptor '/home/ubuntu/RasPi_GPS_IMU/build/gps_rtk2/share/gps_rtk2/hook/pythonpath_develop.dsv'
[8.217s] INFO:colcon.colcon_core.shell:Creating environment hook '/home/ubuntu/RasPi_GPS_IMU/build/gps_rtk2/share/gps_rtk2/hook/pythonpath_develop.sh'
[8.243s] Level 1:colcon.colcon_core.environment:checking '/home/ubuntu/RasPi_GPS_IMU/install/gps_rtk2' for CMake module files
[8.245s] Level 1:colcon.colcon_core.environment:checking '/home/ubuntu/RasPi_GPS_IMU/install/gps_rtk2' for CMake config files
[8.248s] Level 1:colcon.colcon_core.environment:checking '/home/ubuntu/RasPi_GPS_IMU/install/gps_rtk2/lib'
[8.249s] Level 1:colcon.colcon_core.environment:checking '/home/ubuntu/RasPi_GPS_IMU/install/gps_rtk2/bin'
[8.249s] Level 1:colcon.colcon_core.environment:checking '/home/ubuntu/RasPi_GPS_IMU/install/gps_rtk2/lib/pkgconfig/gps_rtk2.pc'
[8.250s] Level 1:colcon.colcon_core.environment:checking '/home/ubuntu/RasPi_GPS_IMU/install/gps_rtk2/lib/python3.8/site-packages'
[8.250s] Level 1:colcon.colcon_core.shell:create_environment_hook('gps_rtk2', 'pythonpath')
[8.255s] INFO:colcon.colcon_core.shell:Creating environment hook '/home/ubuntu/RasPi_GPS_IMU/install/gps_rtk2/share/gps_rtk2/hook/pythonpath.ps1'
[8.257s] INFO:colcon.colcon_core.shell:Creating environment descriptor '/home/ubuntu/RasPi_GPS_IMU/install/gps_rtk2/share/gps_rtk2/hook/pythonpath.dsv'
[8.258s] INFO:colcon.colcon_core.shell:Creating environment hook '/home/ubuntu/RasPi_GPS_IMU/install/gps_rtk2/share/gps_rtk2/hook/pythonpath.sh'
[8.261s] Level 1:colcon.colcon_core.environment:checking '/home/ubuntu/RasPi_GPS_IMU/install/gps_rtk2/bin'
[8.261s] Level 1:colcon.colcon_core.environment:create_environment_scripts_only(gps_rtk2)
[8.266s] INFO:colcon.colcon_core.shell:Creating package script '/home/ubuntu/RasPi_GPS_IMU/install/gps_rtk2/share/gps_rtk2/package.ps1'
[8.270s] INFO:colcon.colcon_core.shell:Creating package descriptor '/home/ubuntu/RasPi_GPS_IMU/install/gps_rtk2/share/gps_rtk2/package.dsv'
[8.272s] INFO:colcon.colcon_core.shell:Creating package script '/home/ubuntu/RasPi_GPS_IMU/install/gps_rtk2/share/gps_rtk2/package.sh'
[8.275s] INFO:colcon.colcon_core.shell:Creating package script '/home/ubuntu/RasPi_GPS_IMU/install/gps_rtk2/share/gps_rtk2/package.bash'
[8.278s] INFO:colcon.colcon_core.shell:Creating package script '/home/ubuntu/RasPi_GPS_IMU/install/gps_rtk2/share/gps_rtk2/package.zsh'
[8.281s] Level 1:colcon.colcon_core.environment:create_file_with_runtime_dependencies(/home/ubuntu/RasPi_GPS_IMU/install/gps_rtk2/share/colcon-core/packages/gps_rtk2)
[8.285s] Level 1:colcon.colcon_core.shell:create_environment_hook('imu', 'pythonpath_develop')
[8.290s] INFO:colcon.colcon_core.shell:Creating environment hook '/home/ubuntu/RasPi_GPS_IMU/build/imu/share/imu/hook/pythonpath_develop.ps1'
[8.292s] DEBUG:colcon.colcon_core.event_handler.log_command:Invoked command in '/home/ubuntu/RasPi_GPS_IMU/build/imu' returned '0': PYTHONPATH=/home/ubuntu/RasPi_GPS_IMU/build/imu/prefix_override:/home/ubuntu/RasPi_GPS_IMU/install/imu/lib/python3.8/site-packages:${PYTHONPATH} /usr/bin/python3 setup.py develop --editable --build-directory /home/ubuntu/RasPi_GPS_IMU/build/imu/build --no-deps install_data
[8.294s] INFO:colcon.colcon_core.shell:Creating environment descriptor '/home/ubuntu/RasPi_GPS_IMU/build/imu/share/imu/hook/pythonpath_develop.dsv'
[8.296s] INFO:colcon.colcon_core.shell:Creating environment hook '/home/ubuntu/RasPi_GPS_IMU/build/imu/share/imu/hook/pythonpath_develop.sh'
[8.309s] Level 1:colcon.colcon_core.environment:checking '/home/ubuntu/RasPi_GPS_IMU/install/imu' for CMake module files
[8.312s] Level 1:colcon.colcon_core.environment:checking '/home/ubuntu/RasPi_GPS_IMU/install/imu' for CMake config files
[8.316s] Level 1:colcon.colcon_core.environment:checking '/home/ubuntu/RasPi_GPS_IMU/install/imu/lib'
[8.316s] Level 1:colcon.colcon_core.environment:checking '/home/ubuntu/RasPi_GPS_IMU/install/imu/bin'
[8.316s] Level 1:colcon.colcon_core.environment:checking '/home/ubuntu/RasPi_GPS_IMU/install/imu/lib/pkgconfig/imu.pc'
[8.317s] Level 1:colcon.colcon_core.environment:checking '/home/ubuntu/RasPi_GPS_IMU/install/imu/lib/python3.8/site-packages'
[8.317s] Level 1:colcon.colcon_core.shell:create_environment_hook('imu', 'pythonpath')
[8.324s] INFO:colcon.colcon_core.shell:Creating environment hook '/home/ubuntu/RasPi_GPS_IMU/install/imu/share/imu/hook/pythonpath.ps1'
[8.326s] INFO:colcon.colcon_core.shell:Creating environment descriptor '/home/ubuntu/RasPi_GPS_IMU/install/imu/share/imu/hook/pythonpath.dsv'
[8.328s] INFO:colcon.colcon_core.shell:Creating environment hook '/home/ubuntu/RasPi_GPS_IMU/install/imu/share/imu/hook/pythonpath.sh'
[8.332s] Level 1:colcon.colcon_core.environment:checking '/home/ubuntu/RasPi_GPS_IMU/install/imu/bin'
[8.333s] Level 1:colcon.colcon_core.environment:create_environment_scripts_only(imu)
[8.338s] INFO:colcon.colcon_core.shell:Creating package script '/home/ubuntu/RasPi_GPS_IMU/install/imu/share/imu/package.ps1'
[8.341s] INFO:colcon.colcon_core.shell:Creating package descriptor '/home/ubuntu/RasPi_GPS_IMU/install/imu/share/imu/package.dsv'
[8.343s] INFO:colcon.colcon_core.shell:Creating package script '/home/ubuntu/RasPi_GPS_IMU/install/imu/share/imu/package.sh'
[8.346s] INFO:colcon.colcon_core.shell:Creating package script '/home/ubuntu/RasPi_GPS_IMU/install/imu/share/imu/package.bash'
[8.348s] INFO:colcon.colcon_core.shell:Creating package script '/home/ubuntu/RasPi_GPS_IMU/install/imu/share/imu/package.zsh'
[8.350s] Level 1:colcon.colcon_core.environment:create_file_with_runtime_dependencies(/home/ubuntu/RasPi_GPS_IMU/install/imu/share/colcon-core/packages/imu)
[8.353s] DEBUG:colcon.colcon_parallel_executor.executor.parallel:closing loop
[8.355s] DEBUG:colcon.colcon_parallel_executor.executor.parallel:loop closed
[8.355s] DEBUG:colcon.colcon_parallel_executor.executor.parallel:run_until_complete finished with '0'
[8.361s] DEBUG:colcon.colcon_core.event_reactor:joining thread
[8.386s] INFO:colcon.colcon_core.plugin_system:Skipping extension 'colcon_notification.desktop_notification.terminal_notifier': Not used on non-Darwin systems
[8.387s] INFO:colcon.colcon_core.plugin_system:Skipping extension 'colcon_notification.desktop_notification.win32': Not used on non-Windows systems
[8.387s] INFO:colcon.colcon_notification.desktop_notification:Sending desktop notification using 'notify2'
[8.447s] DEBUG:colcon.colcon_core.event_reactor:joined thread
[8.454s] INFO:colcon.colcon_core.shell:Creating prefix script '/home/ubuntu/RasPi_GPS_IMU/install/local_setup.ps1'
[8.458s] INFO:colcon.colcon_core.shell:Creating prefix util module '/home/ubuntu/RasPi_GPS_IMU/install/_local_setup_util_ps1.py'
[8.463s] INFO:colcon.colcon_core.shell:Creating prefix chain script '/home/ubuntu/RasPi_GPS_IMU/install/setup.ps1'
[8.470s] INFO:colcon.colcon_core.shell:Creating prefix script '/home/ubuntu/RasPi_GPS_IMU/install/local_setup.sh'
[8.473s] INFO:colcon.colcon_core.shell:Creating prefix util module '/home/ubuntu/RasPi_GPS_IMU/install/_local_setup_util_sh.py'
[8.477s] INFO:colcon.colcon_core.shell:Creating prefix chain script '/home/ubuntu/RasPi_GPS_IMU/install/setup.sh'
[8.483s] INFO:colcon.colcon_core.shell:Creating prefix script '/home/ubuntu/RasPi_GPS_IMU/install/local_setup.bash'
[8.486s] INFO:colcon.colcon_core.shell:Creating prefix chain script '/home/ubuntu/RasPi_GPS_IMU/install/setup.bash'
[8.494s] INFO:colcon.colcon_core.shell:Creating prefix script '/home/ubuntu/RasPi_GPS_IMU/install/local_setup.zsh'
[8.500s] INFO:colcon.colcon_core.shell:Creating prefix chain script '/home/ubuntu/RasPi_GPS_IMU/install/setup.zsh'
