[1.452s] DEBUG:colcon:Command line arguments: ['/usr/bin/colcon', 'build', '--symlink-install']
[1.452s] DEBUG:colcon:Parsed command line arguments: Namespace(allow_overriding=[], ament_cmake_args=None, base_paths=['.'], build_base='build', catkin_cmake_args=None, catkin_skip_building_tests=False, cmake_args=None, cmake_clean_cache=False, cmake_clean_first=False, cmake_force_configure=False, cmake_target=None, cmake_target_skip_unavailable=False, continue_on_error=False, event_handlers=None, executor='parallel', ignore_user_meta=False, install_base='install', log_base=None, log_level=None, main=<bound method BuildVerb.main of <colcon_core.verb.build.BuildVerb object at 0xffff853c5df0>>, merge_install=False, metas=['./colcon.meta'], packages_above=None, packages_above_and_dependencies=None, packages_above_depth=None, packages_end=None, packages_ignore=None, packages_ignore_regex=None, packages_select=None, packages_select_build_failed=False, packages_select_by_dep=None, packages_select_regex=None, packages_select_test_failures=False, packages_skip=None, packages_skip_build_finished=False, packages_skip_by_dep=None, packages_skip_regex=None, packages_skip_test_passed=False, packages_skip_up_to=None, packages_start=None, packages_up_to=None, packages_up_to_regex=None, parallel_workers=4, paths=None, symlink_install=True, test_result_base=None, verb_extension=<colcon_core.verb.build.BuildVerb object at 0xffff853c5df0>, verb_name='build', verb_parser=<colcon_defaults.argument_parser.defaults.DefaultArgumentsDecorator object at 0xffff853cf3a0>)
[1.573s] Level 1:colcon.colcon_core.package_discovery:discover_packages(colcon_meta) check parameters
[1.573s] Level 1:colcon.colcon_core.package_discovery:discover_packages(recursive) check parameters
[1.573s] Level 1:colcon.colcon_core.package_discovery:discover_packages(ignore) check parameters
[1.573s] Level 1:colcon.colcon_core.package_discovery:discover_packages(path) check parameters
[1.574s] Level 1:colcon.colcon_core.package_discovery:discover_packages(colcon_meta) discover
[1.574s] Level 1:colcon.colcon_core.package_discovery:discover_packages(recursive) discover
[1.574s] INFO:colcon.colcon_core.package_discovery:Crawling recursively for packages in '/home/ubuntu/RasPi_GPS_IMU'
[1.574s] Level 1:colcon.colcon_core.package_identification:_identify(.) by extensions ['ignore', 'ignore_ament_install']
[1.575s] Level 1:colcon.colcon_core.package_identification:_identify(.) by extension 'ignore'
[1.576s] Level 1:colcon.colcon_core.package_identification:_identify(.) by extension 'ignore_ament_install'
[1.576s] Level 1:colcon.colcon_core.package_identification:_identify(.) by extensions ['colcon_pkg']
[1.576s] Level 1:colcon.colcon_core.package_identification:_identify(.) by extension 'colcon_pkg'
[1.576s] Level 1:colcon.colcon_core.package_identification:_identify(.) by extensions ['colcon_meta']
[1.576s] Level 1:colcon.colcon_core.package_identification:_identify(.) by extension 'colcon_meta'
[1.576s] Level 1:colcon.colcon_core.package_identification:_identify(.) by extensions ['ros']
[1.576s] Level 1:colcon.colcon_core.package_identification:_identify(.) by extension 'ros'
[1.666s] Level 1:colcon.colcon_core.package_identification:_identify(.) by extensions ['cmake', 'python']
[1.667s] Level 1:colcon.colcon_core.package_identification:_identify(.) by extension 'cmake'
[1.667s] Level 1:colcon.colcon_core.package_identification:_identify(.) by extension 'python'
[1.667s] Level 1:colcon.colcon_core.package_identification:_identify(.) by extensions ['python_setup_py']
[1.667s] Level 1:colcon.colcon_core.package_identification:_identify(.) by extension 'python_setup_py'
[1.668s] Level 1:colcon.colcon_core.package_identification:_identify(build) by extensions ['ignore', 'ignore_ament_install']
[1.668s] Level 1:colcon.colcon_core.package_identification:_identify(build) by extension 'ignore'
[1.668s] Level 1:colcon.colcon_core.package_identification:_identify(build) ignored
[1.669s] Level 1:colcon.colcon_core.package_identification:_identify(install) by extensions ['ignore', 'ignore_ament_install']
[1.669s] Level 1:colcon.colcon_core.package_identification:_identify(install) by extension 'ignore'
[1.669s] Level 1:colcon.colcon_core.package_identification:_identify(install) ignored
[1.670s] Level 1:colcon.colcon_core.package_identification:_identify(log) by extensions ['ignore', 'ignore_ament_install']
[1.670s] Level 1:colcon.colcon_core.package_identification:_identify(log) by extension 'ignore'
[1.670s] Level 1:colcon.colcon_core.package_identification:_identify(log) ignored
[1.671s] Level 1:colcon.colcon_core.package_identification:_identify(src) by extensions ['ignore', 'ignore_ament_install']
[1.671s] Level 1:colcon.colcon_core.package_identification:_identify(src) by extension 'ignore'
[1.671s] Level 1:colcon.colcon_core.package_identification:_identify(src) by extension 'ignore_ament_install'
[1.671s] Level 1:colcon.colcon_core.package_identification:_identify(src) by extensions ['colcon_pkg']
[1.671s] Level 1:colcon.colcon_core.package_identification:_identify(src) by extension 'colcon_pkg'
[1.672s] Level 1:colcon.colcon_core.package_identification:_identify(src) by extensions ['colcon_meta']
[1.672s] Level 1:colcon.colcon_core.package_identification:_identify(src) by extension 'colcon_meta'
[1.672s] Level 1:colcon.colcon_core.package_identification:_identify(src) by extensions ['ros']
[1.672s] Level 1:colcon.colcon_core.package_identification:_identify(src) by extension 'ros'
[1.672s] Level 1:colcon.colcon_core.package_identification:_identify(src) by extensions ['cmake', 'python']
[1.673s] Level 1:colcon.colcon_core.package_identification:_identify(src) by extension 'cmake'
[1.673s] Level 1:colcon.colcon_core.package_identification:_identify(src) by extension 'python'
[1.673s] Level 1:colcon.colcon_core.package_identification:_identify(src) by extensions ['python_setup_py']
[1.673s] Level 1:colcon.colcon_core.package_identification:_identify(src) by extension 'python_setup_py'
[1.673s] Level 1:colcon.colcon_core.package_identification:_identify(src/gps_rtk2) by extensions ['ignore', 'ignore_ament_install']
[1.674s] Level 1:colcon.colcon_core.package_identification:_identify(src/gps_rtk2) by extension 'ignore'
[1.674s] Level 1:colcon.colcon_core.package_identification:_identify(src/gps_rtk2) by extension 'ignore_ament_install'
[1.674s] Level 1:colcon.colcon_core.package_identification:_identify(src/gps_rtk2) by extensions ['colcon_pkg']
[1.674s] Level 1:colcon.colcon_core.package_identification:_identify(src/gps_rtk2) by extension 'colcon_pkg'
[1.674s] Level 1:colcon.colcon_core.package_identification:_identify(src/gps_rtk2) by extensions ['colcon_meta']
[1.675s] Level 1:colcon.colcon_core.package_identification:_identify(src/gps_rtk2) by extension 'colcon_meta'
[1.675s] Level 1:colcon.colcon_core.package_identification:_identify(src/gps_rtk2) by extensions ['ros']
[1.675s] Level 1:colcon.colcon_core.package_identification:_identify(src/gps_rtk2) by extension 'ros'
[1.687s] DEBUG:colcon.colcon_core.package_identification:Package 'src/gps_rtk2' with type 'ros.ament_python' and name 'gps_rtk2'
[1.687s] Level 1:colcon.colcon_core.package_discovery:discover_packages(recursive) using defaults
[1.688s] Level 1:colcon.colcon_core.package_discovery:discover_packages(ignore) discover
[1.688s] Level 1:colcon.colcon_core.package_discovery:discover_packages(ignore) using defaults
[1.688s] Level 1:colcon.colcon_core.package_discovery:discover_packages(path) discover
[1.688s] Level 1:colcon.colcon_core.package_discovery:discover_packages(path) using defaults
[1.770s] Level 1:colcon.colcon_core.package_discovery:discover_packages(prefix_path) check parameters
[1.770s] Level 1:colcon.colcon_core.package_discovery:discover_packages(prefix_path) discover
[1.782s] DEBUG:colcon.colcon_installed_package_information.package_discovery:Found 1 installed packages in /home/ubuntu/RasPi_GPS_IMU/install
[1.794s] DEBUG:colcon.colcon_installed_package_information.package_discovery:Found 256 installed packages in /opt/ros/foxy
[1.801s] Level 1:colcon.colcon_core.package_discovery:discover_packages(prefix_path) using defaults
[2.158s] Level 5:colcon.colcon_core.verb:set package 'gps_rtk2' build argument 'cmake_args' from command line to 'None'
[2.158s] Level 5:colcon.colcon_core.verb:set package 'gps_rtk2' build argument 'cmake_target' from command line to 'None'
[2.158s] Level 5:colcon.colcon_core.verb:set package 'gps_rtk2' build argument 'cmake_target_skip_unavailable' from command line to 'False'
[2.158s] Level 5:colcon.colcon_core.verb:set package 'gps_rtk2' build argument 'cmake_clean_cache' from command line to 'False'
[2.158s] Level 5:colcon.colcon_core.verb:set package 'gps_rtk2' build argument 'cmake_clean_first' from command line to 'False'
[2.158s] Level 5:colcon.colcon_core.verb:set package 'gps_rtk2' build argument 'cmake_force_configure' from command line to 'False'
[2.158s] Level 5:colcon.colcon_core.verb:set package 'gps_rtk2' build argument 'ament_cmake_args' from command line to 'None'
[2.159s] Level 5:colcon.colcon_core.verb:set package 'gps_rtk2' build argument 'catkin_cmake_args' from command line to 'None'
[2.159s] Level 5:colcon.colcon_core.verb:set package 'gps_rtk2' build argument 'catkin_skip_building_tests' from command line to 'False'
[2.159s] DEBUG:colcon.colcon_core.verb:Building package 'gps_rtk2' with the following arguments: {'ament_cmake_args': None, 'build_base': '/home/ubuntu/RasPi_GPS_IMU/build/gps_rtk2', 'catkin_cmake_args': None, 'catkin_skip_building_tests': False, 'cmake_args': None, 'cmake_clean_cache': False, 'cmake_clean_first': False, 'cmake_force_configure': False, 'cmake_target': None, 'cmake_target_skip_unavailable': False, 'install_base': '/home/ubuntu/RasPi_GPS_IMU/install/gps_rtk2', 'merge_install': False, 'path': '/home/ubuntu/RasPi_GPS_IMU/src/gps_rtk2', 'symlink_install': True, 'test_result_base': None}
[2.162s] INFO:colcon.colcon_core.executor:Executing jobs using 'parallel' executor
[2.188s] DEBUG:colcon.colcon_parallel_executor.executor.parallel:run_until_complete
[2.189s] INFO:colcon.colcon_ros.task.ament_python.build:Building ROS package in '/home/ubuntu/RasPi_GPS_IMU/src/gps_rtk2' with build type 'ament_python'
[2.189s] Level 1:colcon.colcon_core.shell:create_environment_hook('gps_rtk2', 'ament_prefix_path')
[2.236s] INFO:colcon.colcon_core.plugin_system:Skipping extension 'colcon_core.shell.bat': Not used on non-Windows systems
[2.237s] INFO:colcon.colcon_core.shell:Creating environment hook '/home/ubuntu/RasPi_GPS_IMU/install/gps_rtk2/share/gps_rtk2/hook/ament_prefix_path.ps1'
[2.242s] INFO:colcon.colcon_core.shell:Creating environment descriptor '/home/ubuntu/RasPi_GPS_IMU/install/gps_rtk2/share/gps_rtk2/hook/ament_prefix_path.dsv'
[2.247s] INFO:colcon.colcon_core.shell:Creating environment hook '/home/ubuntu/RasPi_GPS_IMU/install/gps_rtk2/share/gps_rtk2/hook/ament_prefix_path.sh'
[2.256s] INFO:colcon.colcon_core.shell:Skip shell extension 'powershell' for command environment: Not usable outside of PowerShell
[2.256s] DEBUG:colcon.colcon_core.shell:Skip shell extension 'dsv' for command environment
[3.497s] INFO:colcon.colcon_core.task.python.build:Building Python package in '/home/ubuntu/RasPi_GPS_IMU/src/gps_rtk2'
[3.504s] INFO:colcon.colcon_core.shell:Skip shell extension 'powershell' for command environment: Not usable outside of PowerShell
[3.505s] DEBUG:colcon.colcon_core.shell:Skip shell extension 'dsv' for command environment
[5.357s] DEBUG:colcon.colcon_core.event_handler.log_command:Invoking command in '/home/ubuntu/RasPi_GPS_IMU/build/gps_rtk2': PYTHONPATH=/home/ubuntu/RasPi_GPS_IMU/build/gps_rtk2/prefix_override:/home/ubuntu/RasPi_GPS_IMU/install/gps_rtk2/lib/python3.8/site-packages:${PYTHONPATH} /usr/bin/python3 setup.py develop --editable --build-directory /home/ubuntu/RasPi_GPS_IMU/build/gps_rtk2/build --no-deps install_data
[7.753s] Level 1:colcon.colcon_core.shell:create_environment_hook('gps_rtk2', 'pythonpath_develop')
[7.760s] INFO:colcon.colcon_core.shell:Creating environment hook '/home/ubuntu/RasPi_GPS_IMU/build/gps_rtk2/share/gps_rtk2/hook/pythonpath_develop.ps1'
[7.761s] DEBUG:colcon.colcon_core.event_handler.log_command:Invoked command in '/home/ubuntu/RasPi_GPS_IMU/build/gps_rtk2' returned '0': PYTHONPATH=/home/ubuntu/RasPi_GPS_IMU/build/gps_rtk2/prefix_override:/home/ubuntu/RasPi_GPS_IMU/install/gps_rtk2/lib/python3.8/site-packages:${PYTHONPATH} /usr/bin/python3 setup.py develop --editable --build-directory /home/ubuntu/RasPi_GPS_IMU/build/gps_rtk2/build --no-deps install_data
[7.763s] INFO:colcon.colcon_core.shell:Creating environment descriptor '/home/ubuntu/RasPi_GPS_IMU/build/gps_rtk2/share/gps_rtk2/hook/pythonpath_develop.dsv'
[7.764s] INFO:colcon.colcon_core.shell:Creating environment hook '/home/ubuntu/RasPi_GPS_IMU/build/gps_rtk2/share/gps_rtk2/hook/pythonpath_develop.sh'
[7.792s] Level 1:colcon.colcon_core.environment:checking '/home/ubuntu/RasPi_GPS_IMU/install/gps_rtk2' for CMake module files
[7.794s] Level 1:colcon.colcon_core.environment:checking '/home/ubuntu/RasPi_GPS_IMU/install/gps_rtk2' for CMake config files
[7.797s] Level 1:colcon.colcon_core.environment:checking '/home/ubuntu/RasPi_GPS_IMU/install/gps_rtk2/lib'
[7.798s] Level 1:colcon.colcon_core.environment:checking '/home/ubuntu/RasPi_GPS_IMU/install/gps_rtk2/bin'
[7.798s] Level 1:colcon.colcon_core.environment:checking '/home/ubuntu/RasPi_GPS_IMU/install/gps_rtk2/lib/pkgconfig/gps_rtk2.pc'
[7.799s] Level 1:colcon.colcon_core.environment:checking '/home/ubuntu/RasPi_GPS_IMU/install/gps_rtk2/lib/python3.8/site-packages'
[7.800s] Level 1:colcon.colcon_core.shell:create_environment_hook('gps_rtk2', 'pythonpath')
[7.807s] INFO:colcon.colcon_core.shell:Creating environment hook '/home/ubuntu/RasPi_GPS_IMU/install/gps_rtk2/share/gps_rtk2/hook/pythonpath.ps1'
[7.809s] INFO:colcon.colcon_core.shell:Creating environment descriptor '/home/ubuntu/RasPi_GPS_IMU/install/gps_rtk2/share/gps_rtk2/hook/pythonpath.dsv'
[7.811s] INFO:colcon.colcon_core.shell:Creating environment hook '/home/ubuntu/RasPi_GPS_IMU/install/gps_rtk2/share/gps_rtk2/hook/pythonpath.sh'
[7.813s] Level 1:colcon.colcon_core.environment:checking '/home/ubuntu/RasPi_GPS_IMU/install/gps_rtk2/bin'
[7.813s] Level 1:colcon.colcon_core.environment:create_environment_scripts_only(gps_rtk2)
[7.819s] INFO:colcon.colcon_core.shell:Creating package script '/home/ubuntu/RasPi_GPS_IMU/install/gps_rtk2/share/gps_rtk2/package.ps1'
[7.823s] INFO:colcon.colcon_core.shell:Creating package descriptor '/home/ubuntu/RasPi_GPS_IMU/install/gps_rtk2/share/gps_rtk2/package.dsv'
[7.825s] INFO:colcon.colcon_core.shell:Creating package script '/home/ubuntu/RasPi_GPS_IMU/install/gps_rtk2/share/gps_rtk2/package.sh'
[7.828s] INFO:colcon.colcon_core.shell:Creating package script '/home/ubuntu/RasPi_GPS_IMU/install/gps_rtk2/share/gps_rtk2/package.bash'
[7.831s] INFO:colcon.colcon_core.shell:Creating package script '/home/ubuntu/RasPi_GPS_IMU/install/gps_rtk2/share/gps_rtk2/package.zsh'
[7.834s] Level 1:colcon.colcon_core.environment:create_file_with_runtime_dependencies(/home/ubuntu/RasPi_GPS_IMU/install/gps_rtk2/share/colcon-core/packages/gps_rtk2)
[7.836s] DEBUG:colcon.colcon_parallel_executor.executor.parallel:closing loop
[7.837s] DEBUG:colcon.colcon_parallel_executor.executor.parallel:loop closed
[7.837s] DEBUG:colcon.colcon_parallel_executor.executor.parallel:run_until_complete finished with '0'
[7.838s] DEBUG:colcon.colcon_core.event_reactor:joining thread
[7.861s] INFO:colcon.colcon_core.plugin_system:Skipping extension 'colcon_notification.desktop_notification.terminal_notifier': Not used on non-Darwin systems
[7.861s] INFO:colcon.colcon_core.plugin_system:Skipping extension 'colcon_notification.desktop_notification.win32': Not used on non-Windows systems
[7.861s] INFO:colcon.colcon_notification.desktop_notification:Sending desktop notification using 'notify2'
[7.941s] DEBUG:colcon.colcon_core.event_reactor:joined thread
[7.948s] INFO:colcon.colcon_core.shell:Creating prefix script '/home/ubuntu/RasPi_GPS_IMU/install/local_setup.ps1'
[7.953s] INFO:colcon.colcon_core.shell:Creating prefix util module '/home/ubuntu/RasPi_GPS_IMU/install/_local_setup_util_ps1.py'
[7.959s] INFO:colcon.colcon_core.shell:Creating prefix chain script '/home/ubuntu/RasPi_GPS_IMU/install/setup.ps1'
[7.966s] INFO:colcon.colcon_core.shell:Creating prefix script '/home/ubuntu/RasPi_GPS_IMU/install/local_setup.sh'
[7.970s] INFO:colcon.colcon_core.shell:Creating prefix util module '/home/ubuntu/RasPi_GPS_IMU/install/_local_setup_util_sh.py'
[7.973s] INFO:colcon.colcon_core.shell:Creating prefix chain script '/home/ubuntu/RasPi_GPS_IMU/install/setup.sh'
[7.980s] INFO:colcon.colcon_core.shell:Creating prefix script '/home/ubuntu/RasPi_GPS_IMU/install/local_setup.bash'
[7.982s] INFO:colcon.colcon_core.shell:Creating prefix chain script '/home/ubuntu/RasPi_GPS_IMU/install/setup.bash'
[7.990s] INFO:colcon.colcon_core.shell:Creating prefix script '/home/ubuntu/RasPi_GPS_IMU/install/local_setup.zsh'
[7.993s] INFO:colcon.colcon_core.shell:Creating prefix chain script '/home/ubuntu/RasPi_GPS_IMU/install/setup.zsh'
