[5.623s] Invoking command in '/home/ubuntu/RasPi_GPS_IMU/src/python': PYTHONPATH=/home/ubuntu/RasPi_GPS_IMU/build/vnpy/prefix_override:/home/ubuntu/RasPi_GPS_IMU/install/vnpy/lib/python3.8/site-packages:${PYTHONPATH} /usr/bin/python3 setup.py build --build-base /home/ubuntu/RasPi_GPS_IMU/build/vnpy/build install --record /home/ubuntu/RasPi_GPS_IMU/build/vnpy/install.log
[5.862s] running build
[5.866s] running build_py
[5.867s] creating /home/ubuntu/RasPi_GPS_IMU/build/vnpy/build
[5.867s] creating /home/ubuntu/RasPi_GPS_IMU/build/vnpy/build/lib.linux-aarch64-3.8
[5.868s] creating /home/ubuntu/RasPi_GPS_IMU/build/vnpy/build/lib.linux-aarch64-3.8/vnpy
[5.869s] copying vnpy/libvncxx.py -> /home/ubuntu/RasPi_GPS_IMU/build/vnpy/build/lib.linux-aarch64-3.8/vnpy
[5.872s] copying vnpy/conv.py -> /home/ubuntu/RasPi_GPS_IMU/build/vnpy/build/lib.linux-aarch64-3.8/vnpy
[5.873s] copying vnpy/__init__.py -> /home/ubuntu/RasPi_GPS_IMU/build/vnpy/build/lib.linux-aarch64-3.8/vnpy
[5.874s] running build_ext
[5.887s] building 'vnpy._libvncxx' extension
[5.888s] creating /home/ubuntu/RasPi_GPS_IMU/build/vnpy/build/temp.linux-aarch64-3.8
[5.889s] creating /home/ubuntu/RasPi_GPS_IMU/build/vnpy/build/temp.linux-aarch64-3.8/vnpy
[5.889s] creating /home/ubuntu/RasPi_GPS_IMU/build/vnpy/build/temp.linux-aarch64-3.8/libvncxx
[5.890s] creating /home/ubuntu/RasPi_GPS_IMU/build/vnpy/build/temp.linux-aarch64-3.8/libvncxx/src
[5.891s] creating /home/ubuntu/RasPi_GPS_IMU/build/vnpy/build/temp.linux-aarch64-3.8/libvncxx/src/devices
[5.894s] creating /home/ubuntu/RasPi_GPS_IMU/build/vnpy/build/temp.linux-aarch64-3.8/libvncxx/libvnc
[5.895s] creating /home/ubuntu/RasPi_GPS_IMU/build/vnpy/build/temp.linux-aarch64-3.8/libvncxx/libvnc/src
[5.899s] aarch64-linux-gnu-gcc -pthread -Wno-unused-result -Wsign-compare -DNDEBUG -g -fwrapv -O2 -Wall -g -fstack-protector-strong -Wformat -Werror=format-security -g -fwrapv -O2 -g -fstack-protector-strong -Wformat -Werror=format-security -Wdate-time -D_FORTIFY_SOURCE=2 -fPIC -Ilibvncxx/include -Ilibvncxx/libvnc/include -I/home/ubuntu/RasPi_GPS_IMU/install/vnpy/include -I/usr/include/python3.8 -c vnpy/libvncxx_wrap.cpp -o /home/ubuntu/RasPi_GPS_IMU/build/vnpy/build/temp.linux-aarch64-3.8/vnpy/libvncxx_wrap.o
[12.559s] [01m[Kvnpy/libvncxx_wrap.cpp:[m[K In function ‘[01m[KPyObject* _wrap_delete_VnSensor(PyObject*, PyObject*)[m[K’:
[12.560s] [01m[Kvnpy/libvncxx_wrap.cpp:52903:10:[m[K [01;35m[Kwarning: [m[Kdeleting object of polymorphic class type ‘[01m[Kvn::sensors::VnSensor[m[K’ which has non-virtual destructor might cause undefined behavior [[01;35m[K-Wdelete-non-virtual-dtor[m[K]
[12.560s] 52903 |   delete [01;35m[Karg1[m[K;
[12.561s]       |          [01;35m[K^~~~[m[K
[42.802s] interrupted
[42.932s] Invoked command in '/home/ubuntu/RasPi_GPS_IMU/src/python' returned '1': PYTHONPATH=/home/ubuntu/RasPi_GPS_IMU/build/vnpy/prefix_override:/home/ubuntu/RasPi_GPS_IMU/install/vnpy/lib/python3.8/site-packages:${PYTHONPATH} /usr/bin/python3 setup.py build --build-base /home/ubuntu/RasPi_GPS_IMU/build/vnpy/build install --record /home/ubuntu/RasPi_GPS_IMU/build/vnpy/install.log
