[1.558s] DEBUG:colcon:Command line arguments: ['/usr/bin/colcon', 'build', '--symlink-install']
[1.558s] DEBUG:colcon:Parsed command line arguments: Namespace(allow_overriding=[], ament_cmake_args=None, base_paths=['.'], build_base='build', catkin_cmake_args=None, catkin_skip_building_tests=False, cmake_args=None, cmake_clean_cache=False, cmake_clean_first=False, cmake_force_configure=False, cmake_target=None, cmake_target_skip_unavailable=False, continue_on_error=False, event_handlers=None, executor='parallel', ignore_user_meta=False, install_base='install', log_base=None, log_level=None, main=<bound method BuildVerb.main of <colcon_core.verb.build.BuildVerb object at 0xffff82a3de80>>, merge_install=False, metas=['./colcon.meta'], packages_above=None, packages_above_and_dependencies=None, packages_above_depth=None, packages_end=None, packages_ignore=None, packages_ignore_regex=None, packages_select=None, packages_select_build_failed=False, packages_select_by_dep=None, packages_select_regex=None, packages_select_test_failures=False, packages_skip=None, packages_skip_build_finished=False, packages_skip_by_dep=None, packages_skip_regex=None, packages_skip_test_passed=False, packages_skip_up_to=None, packages_start=None, packages_up_to=None, packages_up_to_regex=None, parallel_workers=4, paths=None, symlink_install=True, test_result_base=None, verb_extension=<colcon_core.verb.build.BuildVerb object at 0xffff82a3de80>, verb_name='build', verb_parser=<colcon_defaults.argument_parser.defaults.DefaultArgumentsDecorator object at 0xffff82a49430>)
[1.664s] Level 1:colcon.colcon_core.package_discovery:discover_packages(colcon_meta) check parameters
[1.664s] Level 1:colcon.colcon_core.package_discovery:discover_packages(recursive) check parameters
[1.664s] Level 1:colcon.colcon_core.package_discovery:discover_packages(ignore) check parameters
[1.665s] Level 1:colcon.colcon_core.package_discovery:discover_packages(path) check parameters
[1.665s] Level 1:colcon.colcon_core.package_discovery:discover_packages(colcon_meta) discover
[1.665s] Level 1:colcon.colcon_core.package_discovery:discover_packages(recursive) discover
[1.665s] INFO:colcon.colcon_core.package_discovery:Crawling recursively for packages in '/home/ubuntu/RasPi_GPS_IMU'
[1.665s] Level 1:colcon.colcon_core.package_identification:_identify(.) by extensions ['ignore', 'ignore_ament_install']
[1.666s] Level 1:colcon.colcon_core.package_identification:_identify(.) by extension 'ignore'
[1.666s] Level 1:colcon.colcon_core.package_identification:_identify(.) by extension 'ignore_ament_install'
[1.667s] Level 1:colcon.colcon_core.package_identification:_identify(.) by extensions ['colcon_pkg']
[1.667s] Level 1:colcon.colcon_core.package_identification:_identify(.) by extension 'colcon_pkg'
[1.667s] Level 1:colcon.colcon_core.package_identification:_identify(.) by extensions ['colcon_meta']
[1.667s] Level 1:colcon.colcon_core.package_identification:_identify(.) by extension 'colcon_meta'
[1.667s] Level 1:colcon.colcon_core.package_identification:_identify(.) by extensions ['ros']
[1.667s] Level 1:colcon.colcon_core.package_identification:_identify(.) by extension 'ros'
[1.744s] Level 1:colcon.colcon_core.package_identification:_identify(.) by extensions ['cmake', 'python']
[1.744s] Level 1:colcon.colcon_core.package_identification:_identify(.) by extension 'cmake'
[1.745s] Level 1:colcon.colcon_core.package_identification:_identify(.) by extension 'python'
[1.745s] Level 1:colcon.colcon_core.package_identification:_identify(.) by extensions ['python_setup_py']
[1.745s] Level 1:colcon.colcon_core.package_identification:_identify(.) by extension 'python_setup_py'
[1.745s] Level 1:colcon.colcon_core.package_identification:_identify(build) by extensions ['ignore', 'ignore_ament_install']
[1.746s] Level 1:colcon.colcon_core.package_identification:_identify(build) by extension 'ignore'
[1.746s] Level 1:colcon.colcon_core.package_identification:_identify(build) ignored
[1.746s] Level 1:colcon.colcon_core.package_identification:_identify(install) by extensions ['ignore', 'ignore_ament_install']
[1.747s] Level 1:colcon.colcon_core.package_identification:_identify(install) by extension 'ignore'
[1.747s] Level 1:colcon.colcon_core.package_identification:_identify(install) ignored
[1.748s] Level 1:colcon.colcon_core.package_identification:_identify(log) by extensions ['ignore', 'ignore_ament_install']
[1.748s] Level 1:colcon.colcon_core.package_identification:_identify(log) by extension 'ignore'
[1.749s] Level 1:colcon.colcon_core.package_identification:_identify(log) ignored
[1.749s] Level 1:colcon.colcon_core.package_identification:_identify(src) by extensions ['ignore', 'ignore_ament_install']
[1.749s] Level 1:colcon.colcon_core.package_identification:_identify(src) by extension 'ignore'
[1.750s] Level 1:colcon.colcon_core.package_identification:_identify(src) by extension 'ignore_ament_install'
[1.750s] Level 1:colcon.colcon_core.package_identification:_identify(src) by extensions ['colcon_pkg']
[1.750s] Level 1:colcon.colcon_core.package_identification:_identify(src) by extension 'colcon_pkg'
[1.750s] Level 1:colcon.colcon_core.package_identification:_identify(src) by extensions ['colcon_meta']
[1.750s] Level 1:colcon.colcon_core.package_identification:_identify(src) by extension 'colcon_meta'
[1.750s] Level 1:colcon.colcon_core.package_identification:_identify(src) by extensions ['ros']
[1.750s] Level 1:colcon.colcon_core.package_identification:_identify(src) by extension 'ros'
[1.751s] Level 1:colcon.colcon_core.package_identification:_identify(src) by extensions ['cmake', 'python']
[1.751s] Level 1:colcon.colcon_core.package_identification:_identify(src) by extension 'cmake'
[1.751s] Level 1:colcon.colcon_core.package_identification:_identify(src) by extension 'python'
[1.751s] Level 1:colcon.colcon_core.package_identification:_identify(src) by extensions ['python_setup_py']
[1.751s] Level 1:colcon.colcon_core.package_identification:_identify(src) by extension 'python_setup_py'
[1.752s] Level 1:colcon.colcon_core.package_identification:_identify(src/gps_rtk2) by extensions ['ignore', 'ignore_ament_install']
[1.752s] Level 1:colcon.colcon_core.package_identification:_identify(src/gps_rtk2) by extension 'ignore'
[1.752s] Level 1:colcon.colcon_core.package_identification:_identify(src/gps_rtk2) by extension 'ignore_ament_install'
[1.752s] Level 1:colcon.colcon_core.package_identification:_identify(src/gps_rtk2) by extensions ['colcon_pkg']
[1.752s] Level 1:colcon.colcon_core.package_identification:_identify(src/gps_rtk2) by extension 'colcon_pkg'
[1.753s] Level 1:colcon.colcon_core.package_identification:_identify(src/gps_rtk2) by extensions ['colcon_meta']
[1.753s] Level 1:colcon.colcon_core.package_identification:_identify(src/gps_rtk2) by extension 'colcon_meta'
[1.753s] Level 1:colcon.colcon_core.package_identification:_identify(src/gps_rtk2) by extensions ['ros']
[1.753s] Level 1:colcon.colcon_core.package_identification:_identify(src/gps_rtk2) by extension 'ros'
[1.761s] DEBUG:colcon.colcon_core.package_identification:Package 'src/gps_rtk2' with type 'ros.ament_python' and name 'gps_rtk2'
[1.762s] Level 1:colcon.colcon_core.package_identification:_identify(src/imu) by extensions ['ignore', 'ignore_ament_install']
[1.762s] Level 1:colcon.colcon_core.package_identification:_identify(src/imu) by extension 'ignore'
[1.763s] Level 1:colcon.colcon_core.package_identification:_identify(src/imu) by extension 'ignore_ament_install'
[1.763s] Level 1:colcon.colcon_core.package_identification:_identify(src/imu) by extensions ['colcon_pkg']
[1.763s] Level 1:colcon.colcon_core.package_identification:_identify(src/imu) by extension 'colcon_pkg'
[1.763s] Level 1:colcon.colcon_core.package_identification:_identify(src/imu) by extensions ['colcon_meta']
[1.763s] Level 1:colcon.colcon_core.package_identification:_identify(src/imu) by extension 'colcon_meta'
[1.764s] Level 1:colcon.colcon_core.package_identification:_identify(src/imu) by extensions ['ros']
[1.764s] Level 1:colcon.colcon_core.package_identification:_identify(src/imu) by extension 'ros'
[1.766s] DEBUG:colcon.colcon_core.package_identification:Package 'src/imu' with type 'ros.ament_python' and name 'imu'
[1.766s] Level 1:colcon.colcon_core.package_discovery:discover_packages(recursive) using defaults
[1.767s] Level 1:colcon.colcon_core.package_discovery:discover_packages(ignore) discover
[1.767s] Level 1:colcon.colcon_core.package_discovery:discover_packages(ignore) using defaults
[1.767s] Level 1:colcon.colcon_core.package_discovery:discover_packages(path) discover
[1.767s] Level 1:colcon.colcon_core.package_discovery:discover_packages(path) using defaults
[1.845s] Level 1:colcon.colcon_core.package_discovery:discover_packages(prefix_path) check parameters
[1.846s] Level 1:colcon.colcon_core.package_discovery:discover_packages(prefix_path) discover
[1.857s] DEBUG:colcon.colcon_installed_package_information.package_discovery:Found 2 installed packages in /home/ubuntu/RasPi_GPS_IMU/install
[1.867s] DEBUG:colcon.colcon_installed_package_information.package_discovery:Found 256 installed packages in /opt/ros/foxy
[1.873s] Level 1:colcon.colcon_core.package_discovery:discover_packages(prefix_path) using defaults
[2.162s] Level 5:colcon.colcon_core.verb:set package 'gps_rtk2' build argument 'cmake_args' from command line to 'None'
[2.162s] Level 5:colcon.colcon_core.verb:set package 'gps_rtk2' build argument 'cmake_target' from command line to 'None'
[2.162s] Level 5:colcon.colcon_core.verb:set package 'gps_rtk2' build argument 'cmake_target_skip_unavailable' from command line to 'False'
[2.162s] Level 5:colcon.colcon_core.verb:set package 'gps_rtk2' build argument 'cmake_clean_cache' from command line to 'False'
[2.162s] Level 5:colcon.colcon_core.verb:set package 'gps_rtk2' build argument 'cmake_clean_first' from command line to 'False'
[2.163s] Level 5:colcon.colcon_core.verb:set package 'gps_rtk2' build argument 'cmake_force_configure' from command line to 'False'
[2.163s] Level 5:colcon.colcon_core.verb:set package 'gps_rtk2' build argument 'ament_cmake_args' from command line to 'None'
[2.163s] Level 5:colcon.colcon_core.verb:set package 'gps_rtk2' build argument 'catkin_cmake_args' from command line to 'None'
[2.163s] Level 5:colcon.colcon_core.verb:set package 'gps_rtk2' build argument 'catkin_skip_building_tests' from command line to 'False'
[2.163s] DEBUG:colcon.colcon_core.verb:Building package 'gps_rtk2' with the following arguments: {'ament_cmake_args': None, 'build_base': '/home/ubuntu/RasPi_GPS_IMU/build/gps_rtk2', 'catkin_cmake_args': None, 'catkin_skip_building_tests': False, 'cmake_args': None, 'cmake_clean_cache': False, 'cmake_clean_first': False, 'cmake_force_configure': False, 'cmake_target': None, 'cmake_target_skip_unavailable': False, 'install_base': '/home/ubuntu/RasPi_GPS_IMU/install/gps_rtk2', 'merge_install': False, 'path': '/home/ubuntu/RasPi_GPS_IMU/src/gps_rtk2', 'symlink_install': True, 'test_result_base': None}
[2.167s] Level 5:colcon.colcon_core.verb:set package 'imu' build argument 'cmake_args' from command line to 'None'
[2.168s] Level 5:colcon.colcon_core.verb:set package 'imu' build argument 'cmake_target' from command line to 'None'
[2.168s] Level 5:colcon.colcon_core.verb:set package 'imu' build argument 'cmake_target_skip_unavailable' from command line to 'False'
[2.168s] Level 5:colcon.colcon_core.verb:set package 'imu' build argument 'cmake_clean_cache' from command line to 'False'
[2.168s] Level 5:colcon.colcon_core.verb:set package 'imu' build argument 'cmake_clean_first' from command line to 'False'
[2.168s] Level 5:colcon.colcon_core.verb:set package 'imu' build argument 'cmake_force_configure' from command line to 'False'
[2.168s] Level 5:colcon.colcon_core.verb:set package 'imu' build argument 'ament_cmake_args' from command line to 'None'
[2.168s] Level 5:colcon.colcon_core.verb:set package 'imu' build argument 'catkin_cmake_args' from command line to 'None'
[2.168s] Level 5:colcon.colcon_core.verb:set package 'imu' build argument 'catkin_skip_building_tests' from command line to 'False'
[2.168s] DEBUG:colcon.colcon_core.verb:Building package 'imu' with the following arguments: {'ament_cmake_args': None, 'build_base': '/home/ubuntu/RasPi_GPS_IMU/build/imu', 'catkin_cmake_args': None, 'catkin_skip_building_tests': False, 'cmake_args': None, 'cmake_clean_cache': False, 'cmake_clean_first': False, 'cmake_force_configure': False, 'cmake_target': None, 'cmake_target_skip_unavailable': False, 'install_base': '/home/ubuntu/RasPi_GPS_IMU/install/imu', 'merge_install': False, 'path': '/home/ubuntu/RasPi_GPS_IMU/src/imu', 'symlink_install': True, 'test_result_base': None}
[2.171s] INFO:colcon.colcon_core.executor:Executing jobs using 'parallel' executor
[2.185s] DEBUG:colcon.colcon_parallel_executor.executor.parallel:run_until_complete
[2.186s] INFO:colcon.colcon_ros.task.ament_python.build:Building ROS package in '/home/ubuntu/RasPi_GPS_IMU/src/gps_rtk2' with build type 'ament_python'
[2.186s] Level 1:colcon.colcon_core.shell:create_environment_hook('gps_rtk2', 'ament_prefix_path')
[2.206s] INFO:colcon.colcon_core.plugin_system:Skipping extension 'colcon_core.shell.bat': Not used on non-Windows systems
[2.207s] INFO:colcon.colcon_core.shell:Creating environment hook '/home/ubuntu/RasPi_GPS_IMU/install/gps_rtk2/share/gps_rtk2/hook/ament_prefix_path.ps1'
[2.209s] INFO:colcon.colcon_core.shell:Creating environment descriptor '/home/ubuntu/RasPi_GPS_IMU/install/gps_rtk2/share/gps_rtk2/hook/ament_prefix_path.dsv'
[2.211s] INFO:colcon.colcon_core.shell:Creating environment hook '/home/ubuntu/RasPi_GPS_IMU/install/gps_rtk2/share/gps_rtk2/hook/ament_prefix_path.sh'
[2.220s] INFO:colcon.colcon_core.shell:Skip shell extension 'powershell' for command environment: Not usable outside of PowerShell
[2.220s] DEBUG:colcon.colcon_core.shell:Skip shell extension 'dsv' for command environment
[2.247s] INFO:colcon.colcon_ros.task.ament_python.build:Building ROS package in '/home/ubuntu/RasPi_GPS_IMU/src/imu' with build type 'ament_python'
[2.248s] Level 1:colcon.colcon_core.shell:create_environment_hook('imu', 'ament_prefix_path')
[2.256s] INFO:colcon.colcon_core.shell:Creating environment hook '/home/ubuntu/RasPi_GPS_IMU/install/imu/share/imu/hook/ament_prefix_path.ps1'
[2.258s] INFO:colcon.colcon_core.shell:Creating environment descriptor '/home/ubuntu/RasPi_GPS_IMU/install/imu/share/imu/hook/ament_prefix_path.dsv'
[2.261s] INFO:colcon.colcon_core.shell:Creating environment hook '/home/ubuntu/RasPi_GPS_IMU/install/imu/share/imu/hook/ament_prefix_path.sh'
[2.269s] INFO:colcon.colcon_core.shell:Skip shell extension 'powershell' for command environment: Not usable outside of PowerShell
[2.270s] DEBUG:colcon.colcon_core.shell:Skip shell extension 'dsv' for command environment
[3.416s] INFO:colcon.colcon_core.task.python.build:Building Python package in '/home/ubuntu/RasPi_GPS_IMU/src/gps_rtk2'
[3.422s] INFO:colcon.colcon_core.shell:Skip shell extension 'powershell' for command environment: Not usable outside of PowerShell
[3.422s] DEBUG:colcon.colcon_core.shell:Skip shell extension 'dsv' for command environment
[4.416s] INFO:colcon.colcon_core.task.python.build:Building Python package in '/home/ubuntu/RasPi_GPS_IMU/src/imu'
[4.423s] INFO:colcon.colcon_core.shell:Skip shell extension 'powershell' for command environment: Not usable outside of PowerShell
[4.423s] DEBUG:colcon.colcon_core.shell:Skip shell extension 'dsv' for command environment
[6.448s] DEBUG:colcon.colcon_core.event_handler.log_command:Invoking command in '/home/ubuntu/RasPi_GPS_IMU/build/gps_rtk2': PYTHONPATH=/home/ubuntu/RasPi_GPS_IMU/build/gps_rtk2/prefix_override:/home/ubuntu/RasPi_GPS_IMU/install/gps_rtk2/lib/python3.8/site-packages:${PYTHONPATH} /usr/bin/python3 setup.py develop --editable --build-directory /home/ubuntu/RasPi_GPS_IMU/build/gps_rtk2/build --no-deps install_data
[6.535s] DEBUG:colcon.colcon_core.event_handler.log_command:Invoking command in '/home/ubuntu/RasPi_GPS_IMU/build/imu': PYTHONPATH=/home/ubuntu/RasPi_GPS_IMU/build/imu/prefix_override:/home/ubuntu/RasPi_GPS_IMU/install/imu/lib/python3.8/site-packages:${PYTHONPATH} /usr/bin/python3 setup.py develop --editable --build-directory /home/ubuntu/RasPi_GPS_IMU/build/imu/build --no-deps install_data
[8.937s] Level 1:colcon.colcon_core.shell:create_environment_hook('gps_rtk2', 'pythonpath_develop')
[8.950s] INFO:colcon.colcon_core.shell:Creating environment hook '/home/ubuntu/RasPi_GPS_IMU/build/gps_rtk2/share/gps_rtk2/hook/pythonpath_develop.ps1'
[8.950s] DEBUG:colcon.colcon_core.event_handler.log_command:Invoked command in '/home/ubuntu/RasPi_GPS_IMU/build/gps_rtk2' returned '0': PYTHONPATH=/home/ubuntu/RasPi_GPS_IMU/build/gps_rtk2/prefix_override:/home/ubuntu/RasPi_GPS_IMU/install/gps_rtk2/lib/python3.8/site-packages:${PYTHONPATH} /usr/bin/python3 setup.py develop --editable --build-directory /home/ubuntu/RasPi_GPS_IMU/build/gps_rtk2/build --no-deps install_data
[8.954s] INFO:colcon.colcon_core.shell:Creating environment descriptor '/home/ubuntu/RasPi_GPS_IMU/build/gps_rtk2/share/gps_rtk2/hook/pythonpath_develop.dsv'
[8.957s] INFO:colcon.colcon_core.shell:Creating environment hook '/home/ubuntu/RasPi_GPS_IMU/build/gps_rtk2/share/gps_rtk2/hook/pythonpath_develop.sh'
[8.998s] Level 1:colcon.colcon_core.environment:checking '/home/ubuntu/RasPi_GPS_IMU/install/gps_rtk2' for CMake module files
[9.001s] Level 1:colcon.colcon_core.environment:checking '/home/ubuntu/RasPi_GPS_IMU/install/gps_rtk2' for CMake config files
[9.004s] Level 1:colcon.colcon_core.environment:checking '/home/ubuntu/RasPi_GPS_IMU/install/gps_rtk2/lib'
[9.005s] Level 1:colcon.colcon_core.environment:checking '/home/ubuntu/RasPi_GPS_IMU/install/gps_rtk2/bin'
[9.005s] Level 1:colcon.colcon_core.environment:checking '/home/ubuntu/RasPi_GPS_IMU/install/gps_rtk2/lib/pkgconfig/gps_rtk2.pc'
[9.006s] Level 1:colcon.colcon_core.environment:checking '/home/ubuntu/RasPi_GPS_IMU/install/gps_rtk2/lib/python3.8/site-packages'
[9.006s] Level 1:colcon.colcon_core.shell:create_environment_hook('gps_rtk2', 'pythonpath')
[9.011s] INFO:colcon.colcon_core.shell:Creating environment hook '/home/ubuntu/RasPi_GPS_IMU/install/gps_rtk2/share/gps_rtk2/hook/pythonpath.ps1'
[9.013s] INFO:colcon.colcon_core.shell:Creating environment descriptor '/home/ubuntu/RasPi_GPS_IMU/install/gps_rtk2/share/gps_rtk2/hook/pythonpath.dsv'
[9.015s] INFO:colcon.colcon_core.shell:Creating environment hook '/home/ubuntu/RasPi_GPS_IMU/install/gps_rtk2/share/gps_rtk2/hook/pythonpath.sh'
[9.017s] Level 1:colcon.colcon_core.environment:checking '/home/ubuntu/RasPi_GPS_IMU/install/gps_rtk2/bin'
[9.017s] Level 1:colcon.colcon_core.environment:create_environment_scripts_only(gps_rtk2)
[9.023s] INFO:colcon.colcon_core.shell:Creating package script '/home/ubuntu/RasPi_GPS_IMU/install/gps_rtk2/share/gps_rtk2/package.ps1'
[9.026s] INFO:colcon.colcon_core.shell:Creating package descriptor '/home/ubuntu/RasPi_GPS_IMU/install/gps_rtk2/share/gps_rtk2/package.dsv'
[9.029s] INFO:colcon.colcon_core.shell:Creating package script '/home/ubuntu/RasPi_GPS_IMU/install/gps_rtk2/share/gps_rtk2/package.sh'
[9.033s] INFO:colcon.colcon_core.shell:Creating package script '/home/ubuntu/RasPi_GPS_IMU/install/gps_rtk2/share/gps_rtk2/package.bash'
[9.035s] INFO:colcon.colcon_core.shell:Creating package script '/home/ubuntu/RasPi_GPS_IMU/install/gps_rtk2/share/gps_rtk2/package.zsh'
[9.038s] Level 1:colcon.colcon_core.environment:create_file_with_runtime_dependencies(/home/ubuntu/RasPi_GPS_IMU/install/gps_rtk2/share/colcon-core/packages/gps_rtk2)
[9.042s] Level 1:colcon.colcon_core.shell:create_environment_hook('imu', 'pythonpath_develop')
[9.048s] INFO:colcon.colcon_core.shell:Creating environment hook '/home/ubuntu/RasPi_GPS_IMU/build/imu/share/imu/hook/pythonpath_develop.ps1'
[9.051s] DEBUG:colcon.colcon_core.event_handler.log_command:Invoked command in '/home/ubuntu/RasPi_GPS_IMU/build/imu' returned '0': PYTHONPATH=/home/ubuntu/RasPi_GPS_IMU/build/imu/prefix_override:/home/ubuntu/RasPi_GPS_IMU/install/imu/lib/python3.8/site-packages:${PYTHONPATH} /usr/bin/python3 setup.py develop --editable --build-directory /home/ubuntu/RasPi_GPS_IMU/build/imu/build --no-deps install_data
[9.051s] INFO:colcon.colcon_core.shell:Creating environment descriptor '/home/ubuntu/RasPi_GPS_IMU/build/imu/share/imu/hook/pythonpath_develop.dsv'
[9.053s] INFO:colcon.colcon_core.shell:Creating environment hook '/home/ubuntu/RasPi_GPS_IMU/build/imu/share/imu/hook/pythonpath_develop.sh'
[9.064s] Level 1:colcon.colcon_core.environment:checking '/home/ubuntu/RasPi_GPS_IMU/install/imu' for CMake module files
[9.066s] Level 1:colcon.colcon_core.environment:checking '/home/ubuntu/RasPi_GPS_IMU/install/imu' for CMake config files
[9.069s] Level 1:colcon.colcon_core.environment:checking '/home/ubuntu/RasPi_GPS_IMU/install/imu/lib'
[9.070s] Level 1:colcon.colcon_core.environment:checking '/home/ubuntu/RasPi_GPS_IMU/install/imu/bin'
[9.070s] Level 1:colcon.colcon_core.environment:checking '/home/ubuntu/RasPi_GPS_IMU/install/imu/lib/pkgconfig/imu.pc'
[9.071s] Level 1:colcon.colcon_core.environment:checking '/home/ubuntu/RasPi_GPS_IMU/install/imu/lib/python3.8/site-packages'
[9.072s] Level 1:colcon.colcon_core.shell:create_environment_hook('imu', 'pythonpath')
[9.078s] INFO:colcon.colcon_core.shell:Creating environment hook '/home/ubuntu/RasPi_GPS_IMU/install/imu/share/imu/hook/pythonpath.ps1'
[9.080s] INFO:colcon.colcon_core.shell:Creating environment descriptor '/home/ubuntu/RasPi_GPS_IMU/install/imu/share/imu/hook/pythonpath.dsv'
[9.081s] INFO:colcon.colcon_core.shell:Creating environment hook '/home/ubuntu/RasPi_GPS_IMU/install/imu/share/imu/hook/pythonpath.sh'
[9.083s] Level 1:colcon.colcon_core.environment:checking '/home/ubuntu/RasPi_GPS_IMU/install/imu/bin'
[9.083s] Level 1:colcon.colcon_core.environment:create_environment_scripts_only(imu)
[9.089s] INFO:colcon.colcon_core.shell:Creating package script '/home/ubuntu/RasPi_GPS_IMU/install/imu/share/imu/package.ps1'
[9.091s] INFO:colcon.colcon_core.shell:Creating package descriptor '/home/ubuntu/RasPi_GPS_IMU/install/imu/share/imu/package.dsv'
[9.094s] INFO:colcon.colcon_core.shell:Creating package script '/home/ubuntu/RasPi_GPS_IMU/install/imu/share/imu/package.sh'
[9.096s] INFO:colcon.colcon_core.shell:Creating package script '/home/ubuntu/RasPi_GPS_IMU/install/imu/share/imu/package.bash'
[9.097s] INFO:colcon.colcon_core.shell:Creating package script '/home/ubuntu/RasPi_GPS_IMU/install/imu/share/imu/package.zsh'
[9.099s] Level 1:colcon.colcon_core.environment:create_file_with_runtime_dependencies(/home/ubuntu/RasPi_GPS_IMU/install/imu/share/colcon-core/packages/imu)
[9.101s] DEBUG:colcon.colcon_parallel_executor.executor.parallel:closing loop
[9.102s] DEBUG:colcon.colcon_parallel_executor.executor.parallel:loop closed
[9.103s] DEBUG:colcon.colcon_parallel_executor.executor.parallel:run_until_complete finished with '0'
[9.104s] DEBUG:colcon.colcon_core.event_reactor:joining thread
[9.122s] INFO:colcon.colcon_core.plugin_system:Skipping extension 'colcon_notification.desktop_notification.terminal_notifier': Not used on non-Darwin systems
[9.123s] INFO:colcon.colcon_core.plugin_system:Skipping extension 'colcon_notification.desktop_notification.win32': Not used on non-Windows systems
[9.123s] INFO:colcon.colcon_notification.desktop_notification:Sending desktop notification using 'notify2'
[9.183s] DEBUG:colcon.colcon_core.event_reactor:joined thread
[9.190s] INFO:colcon.colcon_core.shell:Creating prefix script '/home/ubuntu/RasPi_GPS_IMU/install/local_setup.ps1'
[9.194s] INFO:colcon.colcon_core.shell:Creating prefix util module '/home/ubuntu/RasPi_GPS_IMU/install/_local_setup_util_ps1.py'
[9.200s] INFO:colcon.colcon_core.shell:Creating prefix chain script '/home/ubuntu/RasPi_GPS_IMU/install/setup.ps1'
[9.206s] INFO:colcon.colcon_core.shell:Creating prefix script '/home/ubuntu/RasPi_GPS_IMU/install/local_setup.sh'
[9.210s] INFO:colcon.colcon_core.shell:Creating prefix util module '/home/ubuntu/RasPi_GPS_IMU/install/_local_setup_util_sh.py'
[9.212s] INFO:colcon.colcon_core.shell:Creating prefix chain script '/home/ubuntu/RasPi_GPS_IMU/install/setup.sh'
[9.218s] INFO:colcon.colcon_core.shell:Creating prefix script '/home/ubuntu/RasPi_GPS_IMU/install/local_setup.bash'
[9.221s] INFO:colcon.colcon_core.shell:Creating prefix chain script '/home/ubuntu/RasPi_GPS_IMU/install/setup.bash'
[9.227s] INFO:colcon.colcon_core.shell:Creating prefix script '/home/ubuntu/RasPi_GPS_IMU/install/local_setup.zsh'
[9.232s] INFO:colcon.colcon_core.shell:Creating prefix chain script '/home/ubuntu/RasPi_GPS_IMU/install/setup.zsh'
