[1.506s] DEBUG:colcon:Command line arguments: ['/usr/bin/colcon', 'build', '--symlink-install']
[1.506s] DEBUG:colcon:Parsed command line arguments: Namespace(allow_overriding=[], ament_cmake_args=None, base_paths=['.'], build_base='build', catkin_cmake_args=None, catkin_skip_building_tests=False, cmake_args=None, cmake_clean_cache=False, cmake_clean_first=False, cmake_force_configure=False, cmake_target=None, cmake_target_skip_unavailable=False, continue_on_error=False, event_handlers=None, executor='parallel', ignore_user_meta=False, install_base='install', log_base=None, log_level=None, main=<bound method BuildVerb.main of <colcon_core.verb.build.BuildVerb object at 0xffffa0514970>>, merge_install=False, metas=['./colcon.meta'], packages_above=None, packages_above_and_dependencies=None, packages_above_depth=None, packages_end=None, packages_ignore=None, packages_ignore_regex=None, packages_select=None, packages_select_build_failed=False, packages_select_by_dep=None, packages_select_regex=None, packages_select_test_failures=False, packages_skip=None, packages_skip_build_finished=False, packages_skip_by_dep=None, packages_skip_regex=None, packages_skip_test_passed=False, packages_skip_up_to=None, packages_start=None, packages_up_to=None, packages_up_to_regex=None, parallel_workers=4, paths=None, symlink_install=True, test_result_base=None, verb_extension=<colcon_core.verb.build.BuildVerb object at 0xffffa0514970>, verb_name='build', verb_parser=<colcon_defaults.argument_parser.defaults.DefaultArgumentsDecorator object at 0xffffa0514ee0>)
[1.699s] Level 1:colcon.colcon_core.package_discovery:discover_packages(colcon_meta) check parameters
[1.700s] Level 1:colcon.colcon_core.package_discovery:discover_packages(recursive) check parameters
[1.700s] Level 1:colcon.colcon_core.package_discovery:discover_packages(ignore) check parameters
[1.700s] Level 1:colcon.colcon_core.package_discovery:discover_packages(path) check parameters
[1.700s] Level 1:colcon.colcon_core.package_discovery:discover_packages(colcon_meta) discover
[1.701s] Level 1:colcon.colcon_core.package_discovery:discover_packages(recursive) discover
[1.701s] INFO:colcon.colcon_core.package_discovery:Crawling recursively for packages in '/home/ubuntu/RasPi_GPS_IMU'
[1.701s] Level 1:colcon.colcon_core.package_identification:_identify(.) by extensions ['ignore', 'ignore_ament_install']
[1.702s] Level 1:colcon.colcon_core.package_identification:_identify(.) by extension 'ignore'
[1.702s] Level 1:colcon.colcon_core.package_identification:_identify(.) by extension 'ignore_ament_install'
[1.703s] Level 1:colcon.colcon_core.package_identification:_identify(.) by extensions ['colcon_pkg']
[1.703s] Level 1:colcon.colcon_core.package_identification:_identify(.) by extension 'colcon_pkg'
[1.703s] Level 1:colcon.colcon_core.package_identification:_identify(.) by extensions ['colcon_meta']
[1.703s] Level 1:colcon.colcon_core.package_identification:_identify(.) by extension 'colcon_meta'
[1.703s] Level 1:colcon.colcon_core.package_identification:_identify(.) by extensions ['ros']
[1.704s] Level 1:colcon.colcon_core.package_identification:_identify(.) by extension 'ros'
[1.800s] Level 1:colcon.colcon_core.package_identification:_identify(.) by extensions ['cmake', 'python']
[1.800s] Level 1:colcon.colcon_core.package_identification:_identify(.) by extension 'cmake'
[1.801s] Level 1:colcon.colcon_core.package_identification:_identify(.) by extension 'python'
[1.801s] Level 1:colcon.colcon_core.package_identification:_identify(.) by extensions ['python_setup_py']
[1.801s] Level 1:colcon.colcon_core.package_identification:_identify(.) by extension 'python_setup_py'
[1.801s] Level 1:colcon.colcon_core.package_identification:_identify(build) by extensions ['ignore', 'ignore_ament_install']
[1.802s] Level 1:colcon.colcon_core.package_identification:_identify(build) by extension 'ignore'
[1.802s] Level 1:colcon.colcon_core.package_identification:_identify(build) ignored
[1.802s] Level 1:colcon.colcon_core.package_identification:_identify(install) by extensions ['ignore', 'ignore_ament_install']
[1.803s] Level 1:colcon.colcon_core.package_identification:_identify(install) by extension 'ignore'
[1.803s] Level 1:colcon.colcon_core.package_identification:_identify(install) ignored
[1.803s] Level 1:colcon.colcon_core.package_identification:_identify(log) by extensions ['ignore', 'ignore_ament_install']
[1.804s] Level 1:colcon.colcon_core.package_identification:_identify(log) by extension 'ignore'
[1.804s] Level 1:colcon.colcon_core.package_identification:_identify(log) ignored
[1.804s] Level 1:colcon.colcon_core.package_identification:_identify(src) by extensions ['ignore', 'ignore_ament_install']
[1.804s] Level 1:colcon.colcon_core.package_identification:_identify(src) by extension 'ignore'
[1.805s] Level 1:colcon.colcon_core.package_identification:_identify(src) by extension 'ignore_ament_install'
[1.805s] Level 1:colcon.colcon_core.package_identification:_identify(src) by extensions ['colcon_pkg']
[1.805s] Level 1:colcon.colcon_core.package_identification:_identify(src) by extension 'colcon_pkg'
[1.805s] Level 1:colcon.colcon_core.package_identification:_identify(src) by extensions ['colcon_meta']
[1.805s] Level 1:colcon.colcon_core.package_identification:_identify(src) by extension 'colcon_meta'
[1.805s] Level 1:colcon.colcon_core.package_identification:_identify(src) by extensions ['ros']
[1.805s] Level 1:colcon.colcon_core.package_identification:_identify(src) by extension 'ros'
[1.806s] Level 1:colcon.colcon_core.package_identification:_identify(src) by extensions ['cmake', 'python']
[1.806s] Level 1:colcon.colcon_core.package_identification:_identify(src) by extension 'cmake'
[1.806s] Level 1:colcon.colcon_core.package_identification:_identify(src) by extension 'python'
[1.806s] Level 1:colcon.colcon_core.package_identification:_identify(src) by extensions ['python_setup_py']
[1.806s] Level 1:colcon.colcon_core.package_identification:_identify(src) by extension 'python_setup_py'
[1.807s] Level 1:colcon.colcon_core.package_identification:_identify(src/gps_rtk2) by extensions ['ignore', 'ignore_ament_install']
[1.807s] Level 1:colcon.colcon_core.package_identification:_identify(src/gps_rtk2) by extension 'ignore'
[1.807s] Level 1:colcon.colcon_core.package_identification:_identify(src/gps_rtk2) by extension 'ignore_ament_install'
[1.807s] Level 1:colcon.colcon_core.package_identification:_identify(src/gps_rtk2) by extensions ['colcon_pkg']
[1.807s] Level 1:colcon.colcon_core.package_identification:_identify(src/gps_rtk2) by extension 'colcon_pkg'
[1.808s] Level 1:colcon.colcon_core.package_identification:_identify(src/gps_rtk2) by extensions ['colcon_meta']
[1.808s] Level 1:colcon.colcon_core.package_identification:_identify(src/gps_rtk2) by extension 'colcon_meta'
[1.808s] Level 1:colcon.colcon_core.package_identification:_identify(src/gps_rtk2) by extensions ['ros']
[1.808s] Level 1:colcon.colcon_core.package_identification:_identify(src/gps_rtk2) by extension 'ros'
[1.820s] DEBUG:colcon.colcon_core.package_identification:Package 'src/gps_rtk2' with type 'ros.ament_python' and name 'gps_rtk2'
[1.821s] Level 1:colcon.colcon_core.package_discovery:discover_packages(recursive) using defaults
[1.821s] Level 1:colcon.colcon_core.package_discovery:discover_packages(ignore) discover
[1.821s] Level 1:colcon.colcon_core.package_discovery:discover_packages(ignore) using defaults
[1.821s] Level 1:colcon.colcon_core.package_discovery:discover_packages(path) discover
[1.821s] Level 1:colcon.colcon_core.package_discovery:discover_packages(path) using defaults
[1.926s] Level 1:colcon.colcon_core.package_discovery:discover_packages(prefix_path) check parameters
[1.926s] Level 1:colcon.colcon_core.package_discovery:discover_packages(prefix_path) discover
[1.945s] DEBUG:colcon.colcon_installed_package_information.package_discovery:Found 1 installed packages in /home/ubuntu/RasPi_GPS_IMU/install
[1.955s] DEBUG:colcon.colcon_installed_package_information.package_discovery:Found 256 installed packages in /opt/ros/foxy
[1.962s] Level 1:colcon.colcon_core.package_discovery:discover_packages(prefix_path) using defaults
[2.317s] Level 5:colcon.colcon_core.verb:set package 'gps_rtk2' build argument 'cmake_args' from command line to 'None'
[2.318s] Level 5:colcon.colcon_core.verb:set package 'gps_rtk2' build argument 'cmake_target' from command line to 'None'
[2.318s] Level 5:colcon.colcon_core.verb:set package 'gps_rtk2' build argument 'cmake_target_skip_unavailable' from command line to 'False'
[2.318s] Level 5:colcon.colcon_core.verb:set package 'gps_rtk2' build argument 'cmake_clean_cache' from command line to 'False'
[2.318s] Level 5:colcon.colcon_core.verb:set package 'gps_rtk2' build argument 'cmake_clean_first' from command line to 'False'
[2.318s] Level 5:colcon.colcon_core.verb:set package 'gps_rtk2' build argument 'cmake_force_configure' from command line to 'False'
[2.318s] Level 5:colcon.colcon_core.verb:set package 'gps_rtk2' build argument 'ament_cmake_args' from command line to 'None'
[2.318s] Level 5:colcon.colcon_core.verb:set package 'gps_rtk2' build argument 'catkin_cmake_args' from command line to 'None'
[2.318s] Level 5:colcon.colcon_core.verb:set package 'gps_rtk2' build argument 'catkin_skip_building_tests' from command line to 'False'
[2.318s] DEBUG:colcon.colcon_core.verb:Building package 'gps_rtk2' with the following arguments: {'ament_cmake_args': None, 'build_base': '/home/ubuntu/RasPi_GPS_IMU/build/gps_rtk2', 'catkin_cmake_args': None, 'catkin_skip_building_tests': False, 'cmake_args': None, 'cmake_clean_cache': False, 'cmake_clean_first': False, 'cmake_force_configure': False, 'cmake_target': None, 'cmake_target_skip_unavailable': False, 'install_base': '/home/ubuntu/RasPi_GPS_IMU/install/gps_rtk2', 'merge_install': False, 'path': '/home/ubuntu/RasPi_GPS_IMU/src/gps_rtk2', 'symlink_install': True, 'test_result_base': None}
[2.321s] INFO:colcon.colcon_core.executor:Executing jobs using 'parallel' executor
[2.335s] DEBUG:colcon.colcon_parallel_executor.executor.parallel:run_until_complete
[2.337s] INFO:colcon.colcon_ros.task.ament_python.build:Building ROS package in '/home/ubuntu/RasPi_GPS_IMU/src/gps_rtk2' with build type 'ament_python'
[2.338s] Level 1:colcon.colcon_core.shell:create_environment_hook('gps_rtk2', 'ament_prefix_path')
[2.376s] INFO:colcon.colcon_core.plugin_system:Skipping extension 'colcon_core.shell.bat': Not used on non-Windows systems
[2.378s] INFO:colcon.colcon_core.shell:Creating environment hook '/home/ubuntu/RasPi_GPS_IMU/install/gps_rtk2/share/gps_rtk2/hook/ament_prefix_path.ps1'
[2.384s] INFO:colcon.colcon_core.shell:Creating environment descriptor '/home/ubuntu/RasPi_GPS_IMU/install/gps_rtk2/share/gps_rtk2/hook/ament_prefix_path.dsv'
[2.389s] INFO:colcon.colcon_core.shell:Creating environment hook '/home/ubuntu/RasPi_GPS_IMU/install/gps_rtk2/share/gps_rtk2/hook/ament_prefix_path.sh'
[2.399s] INFO:colcon.colcon_core.shell:Skip shell extension 'powershell' for command environment: Not usable outside of PowerShell
[2.400s] DEBUG:colcon.colcon_core.shell:Skip shell extension 'dsv' for command environment
[3.390s] INFO:colcon.colcon_core.task.python.build:Building Python package in '/home/ubuntu/RasPi_GPS_IMU/src/gps_rtk2'
[3.396s] INFO:colcon.colcon_core.shell:Skip shell extension 'powershell' for command environment: Not usable outside of PowerShell
[3.396s] DEBUG:colcon.colcon_core.shell:Skip shell extension 'dsv' for command environment
[5.316s] DEBUG:colcon.colcon_core.event_handler.log_command:Invoking command in '/home/ubuntu/RasPi_GPS_IMU/build/gps_rtk2': PYTHONPATH=/home/ubuntu/RasPi_GPS_IMU/build/gps_rtk2/prefix_override:/home/ubuntu/RasPi_GPS_IMU/install/gps_rtk2/lib/python3.8/site-packages:${PYTHONPATH} /usr/bin/python3 setup.py develop --editable --build-directory /home/ubuntu/RasPi_GPS_IMU/build/gps_rtk2/build --no-deps install_data
[7.461s] Level 1:colcon.colcon_core.shell:create_environment_hook('gps_rtk2', 'pythonpath_develop')
[7.468s] INFO:colcon.colcon_core.shell:Creating environment hook '/home/ubuntu/RasPi_GPS_IMU/build/gps_rtk2/share/gps_rtk2/hook/pythonpath_develop.ps1'
[7.469s] DEBUG:colcon.colcon_core.event_handler.log_command:Invoked command in '/home/ubuntu/RasPi_GPS_IMU/build/gps_rtk2' returned '0': PYTHONPATH=/home/ubuntu/RasPi_GPS_IMU/build/gps_rtk2/prefix_override:/home/ubuntu/RasPi_GPS_IMU/install/gps_rtk2/lib/python3.8/site-packages:${PYTHONPATH} /usr/bin/python3 setup.py develop --editable --build-directory /home/ubuntu/RasPi_GPS_IMU/build/gps_rtk2/build --no-deps install_data
[7.471s] INFO:colcon.colcon_core.shell:Creating environment descriptor '/home/ubuntu/RasPi_GPS_IMU/build/gps_rtk2/share/gps_rtk2/hook/pythonpath_develop.dsv'
[7.473s] INFO:colcon.colcon_core.shell:Creating environment hook '/home/ubuntu/RasPi_GPS_IMU/build/gps_rtk2/share/gps_rtk2/hook/pythonpath_develop.sh'
[7.516s] Level 1:colcon.colcon_core.environment:checking '/home/ubuntu/RasPi_GPS_IMU/install/gps_rtk2' for CMake module files
[7.518s] Level 1:colcon.colcon_core.environment:checking '/home/ubuntu/RasPi_GPS_IMU/install/gps_rtk2' for CMake config files
[7.522s] Level 1:colcon.colcon_core.environment:checking '/home/ubuntu/RasPi_GPS_IMU/install/gps_rtk2/lib'
[7.523s] Level 1:colcon.colcon_core.environment:checking '/home/ubuntu/RasPi_GPS_IMU/install/gps_rtk2/bin'
[7.524s] Level 1:colcon.colcon_core.environment:checking '/home/ubuntu/RasPi_GPS_IMU/install/gps_rtk2/lib/pkgconfig/gps_rtk2.pc'
[7.525s] Level 1:colcon.colcon_core.environment:checking '/home/ubuntu/RasPi_GPS_IMU/install/gps_rtk2/lib/python3.8/site-packages'
[7.526s] Level 1:colcon.colcon_core.shell:create_environment_hook('gps_rtk2', 'pythonpath')
[7.533s] INFO:colcon.colcon_core.shell:Creating environment hook '/home/ubuntu/RasPi_GPS_IMU/install/gps_rtk2/share/gps_rtk2/hook/pythonpath.ps1'
[7.535s] INFO:colcon.colcon_core.shell:Creating environment descriptor '/home/ubuntu/RasPi_GPS_IMU/install/gps_rtk2/share/gps_rtk2/hook/pythonpath.dsv'
[7.537s] INFO:colcon.colcon_core.shell:Creating environment hook '/home/ubuntu/RasPi_GPS_IMU/install/gps_rtk2/share/gps_rtk2/hook/pythonpath.sh'
[7.540s] Level 1:colcon.colcon_core.environment:checking '/home/ubuntu/RasPi_GPS_IMU/install/gps_rtk2/bin'
[7.541s] Level 1:colcon.colcon_core.environment:create_environment_scripts_only(gps_rtk2)
[7.548s] INFO:colcon.colcon_core.shell:Creating package script '/home/ubuntu/RasPi_GPS_IMU/install/gps_rtk2/share/gps_rtk2/package.ps1'
[7.553s] INFO:colcon.colcon_core.shell:Creating package descriptor '/home/ubuntu/RasPi_GPS_IMU/install/gps_rtk2/share/gps_rtk2/package.dsv'
[7.557s] INFO:colcon.colcon_core.shell:Creating package script '/home/ubuntu/RasPi_GPS_IMU/install/gps_rtk2/share/gps_rtk2/package.sh'
[7.562s] INFO:colcon.colcon_core.shell:Creating package script '/home/ubuntu/RasPi_GPS_IMU/install/gps_rtk2/share/gps_rtk2/package.bash'
[7.574s] INFO:colcon.colcon_core.shell:Creating package script '/home/ubuntu/RasPi_GPS_IMU/install/gps_rtk2/share/gps_rtk2/package.zsh'
[7.580s] Level 1:colcon.colcon_core.environment:create_file_with_runtime_dependencies(/home/ubuntu/RasPi_GPS_IMU/install/gps_rtk2/share/colcon-core/packages/gps_rtk2)
[7.582s] DEBUG:colcon.colcon_parallel_executor.executor.parallel:closing loop
[7.583s] DEBUG:colcon.colcon_parallel_executor.executor.parallel:loop closed
[7.592s] DEBUG:colcon.colcon_parallel_executor.executor.parallel:run_until_complete finished with '0'
[7.593s] DEBUG:colcon.colcon_core.event_reactor:joining thread
[7.636s] INFO:colcon.colcon_core.plugin_system:Skipping extension 'colcon_notification.desktop_notification.terminal_notifier': Not used on non-Darwin systems
[7.636s] INFO:colcon.colcon_core.plugin_system:Skipping extension 'colcon_notification.desktop_notification.win32': Not used on non-Windows systems
[7.636s] INFO:colcon.colcon_notification.desktop_notification:Sending desktop notification using 'notify2'
[7.703s] DEBUG:colcon.colcon_core.event_reactor:joined thread
[7.711s] INFO:colcon.colcon_core.shell:Creating prefix script '/home/ubuntu/RasPi_GPS_IMU/install/local_setup.ps1'
[7.716s] INFO:colcon.colcon_core.shell:Creating prefix util module '/home/ubuntu/RasPi_GPS_IMU/install/_local_setup_util_ps1.py'
[7.722s] INFO:colcon.colcon_core.shell:Creating prefix chain script '/home/ubuntu/RasPi_GPS_IMU/install/setup.ps1'
[7.730s] INFO:colcon.colcon_core.shell:Creating prefix script '/home/ubuntu/RasPi_GPS_IMU/install/local_setup.sh'
[7.733s] INFO:colcon.colcon_core.shell:Creating prefix util module '/home/ubuntu/RasPi_GPS_IMU/install/_local_setup_util_sh.py'
[7.736s] INFO:colcon.colcon_core.shell:Creating prefix chain script '/home/ubuntu/RasPi_GPS_IMU/install/setup.sh'
[7.744s] INFO:colcon.colcon_core.shell:Creating prefix script '/home/ubuntu/RasPi_GPS_IMU/install/local_setup.bash'
[7.747s] INFO:colcon.colcon_core.shell:Creating prefix chain script '/home/ubuntu/RasPi_GPS_IMU/install/setup.bash'
[7.754s] INFO:colcon.colcon_core.shell:Creating prefix script '/home/ubuntu/RasPi_GPS_IMU/install/local_setup.zsh'
[7.758s] INFO:colcon.colcon_core.shell:Creating prefix chain script '/home/ubuntu/RasPi_GPS_IMU/install/setup.zsh'
