[2.555s] Invoking command in '/home/ubuntu/RasPi_GPS_IMU/build/gps_rtk2': PYTHONPATH=/home/ubuntu/RasPi_GPS_IMU/build/gps_rtk2/prefix_override:/home/ubuntu/RasPi_GPS_IMU/install/gps_rtk2/lib/python3.8/site-packages:${PYTHONPATH} /usr/bin/python3 setup.py develop --editable --build-directory /home/ubuntu/RasPi_GPS_IMU/build/gps_rtk2/build --no-deps install_data
[3.485s] running develop
[4.051s] running egg_info
[4.051s] creating gps_rtk2.egg-info
[4.052s] writing gps_rtk2.egg-info/PKG-INFO
[4.052s] writing dependency_links to gps_rtk2.egg-info/dependency_links.txt
[4.053s] writing entry points to gps_rtk2.egg-info/entry_points.txt
[4.053s] writing requirements to gps_rtk2.egg-info/requires.txt
[4.054s] writing top-level names to gps_rtk2.egg-info/top_level.txt
[4.059s] writing manifest file 'gps_rtk2.egg-info/SOURCES.txt'
[4.178s] reading manifest file 'gps_rtk2.egg-info/SOURCES.txt'
[4.180s] writing manifest file 'gps_rtk2.egg-info/SOURCES.txt'
[4.328s] running build_ext
[4.329s] Creating /home/ubuntu/RasPi_GPS_IMU/install/gps_rtk2/lib/python3.8/site-packages/site.py
[4.336s] Creating /home/ubuntu/RasPi_GPS_IMU/install/gps_rtk2/lib/python3.8/site-packages/gps-rtk2.egg-link (link to .)
[4.339s] Installing gps_read script to /home/ubuntu/RasPi_GPS_IMU/install/gps_rtk2/lib/gps_rtk2
[4.340s] 
[4.341s] Installed /home/ubuntu/RasPi_GPS_IMU/build/gps_rtk2
[4.341s] running install_data
[4.342s] creating /home/ubuntu/RasPi_GPS_IMU/install/gps_rtk2/share/ament_index
[4.342s] creating /home/ubuntu/RasPi_GPS_IMU/install/gps_rtk2/share/ament_index/resource_index
[4.342s] creating /home/ubuntu/RasPi_GPS_IMU/install/gps_rtk2/share/ament_index/resource_index/packages
[4.343s] copying resource/gps_rtk2 -> /home/ubuntu/RasPi_GPS_IMU/install/gps_rtk2/share/ament_index/resource_index/packages
[4.344s] copying package.xml -> /home/ubuntu/RasPi_GPS_IMU/install/gps_rtk2/share/gps_rtk2
[4.467s] Invoked command in '/home/ubuntu/RasPi_GPS_IMU/build/gps_rtk2' returned '0': PYTHONPATH=/home/ubuntu/RasPi_GPS_IMU/build/gps_rtk2/prefix_override:/home/ubuntu/RasPi_GPS_IMU/install/gps_rtk2/lib/python3.8/site-packages:${PYTHONPATH} /usr/bin/python3 setup.py develop --editable --build-directory /home/ubuntu/RasPi_GPS_IMU/build/gps_rtk2/build --no-deps install_data
