[4.191s] DEBUG:colcon:Command line arguments: ['/usr/bin/colcon', 'build', '--symlink-install']
[4.192s] DEBUG:colcon:Parsed command line arguments: Namespace(allow_overriding=[], ament_cmake_args=None, base_paths=['.'], build_base='build', catkin_cmake_args=None, catkin_skip_building_tests=False, cmake_args=None, cmake_clean_cache=False, cmake_clean_first=False, cmake_force_configure=False, cmake_target=None, cmake_target_skip_unavailable=False, continue_on_error=False, event_handlers=None, executor='parallel', ignore_user_meta=False, install_base='install', log_base=None, log_level=None, main=<bound method BuildVerb.main of <colcon_core.verb.build.BuildVerb object at 0xffff9c064df0>>, merge_install=False, metas=['./colcon.meta'], packages_above=None, packages_above_and_dependencies=None, packages_above_depth=None, packages_end=None, packages_ignore=None, packages_ignore_regex=None, packages_select=None, packages_select_build_failed=False, packages_select_by_dep=None, packages_select_regex=None, packages_select_test_failures=False, packages_skip=None, packages_skip_build_finished=False, packages_skip_by_dep=None, packages_skip_regex=None, packages_skip_test_passed=False, packages_skip_up_to=None, packages_start=None, packages_up_to=None, packages_up_to_regex=None, parallel_workers=4, paths=None, symlink_install=True, test_result_base=None, verb_extension=<colcon_core.verb.build.BuildVerb object at 0xffff9c064df0>, verb_name='build', verb_parser=<colcon_defaults.argument_parser.defaults.DefaultArgumentsDecorator object at 0xffff9c06e3a0>)
[4.400s] Level 1:colcon.colcon_core.package_discovery:discover_packages(colcon_meta) check parameters
[4.400s] Level 1:colcon.colcon_core.package_discovery:discover_packages(recursive) check parameters
[4.401s] Level 1:colcon.colcon_core.package_discovery:discover_packages(ignore) check parameters
[4.401s] Level 1:colcon.colcon_core.package_discovery:discover_packages(path) check parameters
[4.401s] Level 1:colcon.colcon_core.package_discovery:discover_packages(colcon_meta) discover
[4.401s] Level 1:colcon.colcon_core.package_discovery:discover_packages(recursive) discover
[4.402s] INFO:colcon.colcon_core.package_discovery:Crawling recursively for packages in '/home/ubuntu/RasPi_GPS_IMU'
[4.402s] Level 1:colcon.colcon_core.package_identification:_identify(.) by extensions ['ignore', 'ignore_ament_install']
[4.403s] Level 1:colcon.colcon_core.package_identification:_identify(.) by extension 'ignore'
[4.404s] Level 1:colcon.colcon_core.package_identification:_identify(.) by extension 'ignore_ament_install'
[4.404s] Level 1:colcon.colcon_core.package_identification:_identify(.) by extensions ['colcon_pkg']
[4.404s] Level 1:colcon.colcon_core.package_identification:_identify(.) by extension 'colcon_pkg'
[4.404s] Level 1:colcon.colcon_core.package_identification:_identify(.) by extensions ['colcon_meta']
[4.404s] Level 1:colcon.colcon_core.package_identification:_identify(.) by extension 'colcon_meta'
[4.404s] Level 1:colcon.colcon_core.package_identification:_identify(.) by extensions ['ros']
[4.405s] Level 1:colcon.colcon_core.package_identification:_identify(.) by extension 'ros'
[4.520s] Level 1:colcon.colcon_core.package_identification:_identify(.) by extensions ['cmake', 'python']
[4.521s] Level 1:colcon.colcon_core.package_identification:_identify(.) by extension 'cmake'
[4.521s] Level 1:colcon.colcon_core.package_identification:_identify(.) by extension 'python'
[4.521s] Level 1:colcon.colcon_core.package_identification:_identify(.) by extensions ['python_setup_py']
[4.521s] Level 1:colcon.colcon_core.package_identification:_identify(.) by extension 'python_setup_py'
[4.522s] Level 1:colcon.colcon_core.package_identification:_identify(build) by extensions ['ignore', 'ignore_ament_install']
[4.522s] Level 1:colcon.colcon_core.package_identification:_identify(build) by extension 'ignore'
[4.522s] Level 1:colcon.colcon_core.package_identification:_identify(build) ignored
[4.523s] Level 1:colcon.colcon_core.package_identification:_identify(install) by extensions ['ignore', 'ignore_ament_install']
[4.523s] Level 1:colcon.colcon_core.package_identification:_identify(install) by extension 'ignore'
[4.523s] Level 1:colcon.colcon_core.package_identification:_identify(install) ignored
[4.524s] Level 1:colcon.colcon_core.package_identification:_identify(log) by extensions ['ignore', 'ignore_ament_install']
[4.525s] Level 1:colcon.colcon_core.package_identification:_identify(log) by extension 'ignore'
[4.525s] Level 1:colcon.colcon_core.package_identification:_identify(log) ignored
[4.526s] Level 1:colcon.colcon_core.package_identification:_identify(src) by extensions ['ignore', 'ignore_ament_install']
[4.527s] Level 1:colcon.colcon_core.package_identification:_identify(src) by extension 'ignore'
[4.527s] Level 1:colcon.colcon_core.package_identification:_identify(src) by extension 'ignore_ament_install'
[4.528s] Level 1:colcon.colcon_core.package_identification:_identify(src) by extensions ['colcon_pkg']
[4.528s] Level 1:colcon.colcon_core.package_identification:_identify(src) by extension 'colcon_pkg'
[4.528s] Level 1:colcon.colcon_core.package_identification:_identify(src) by extensions ['colcon_meta']
[4.528s] Level 1:colcon.colcon_core.package_identification:_identify(src) by extension 'colcon_meta'
[4.528s] Level 1:colcon.colcon_core.package_identification:_identify(src) by extensions ['ros']
[4.529s] Level 1:colcon.colcon_core.package_identification:_identify(src) by extension 'ros'
[4.529s] Level 1:colcon.colcon_core.package_identification:_identify(src) by extensions ['cmake', 'python']
[4.529s] Level 1:colcon.colcon_core.package_identification:_identify(src) by extension 'cmake'
[4.530s] Level 1:colcon.colcon_core.package_identification:_identify(src) by extension 'python'
[4.530s] Level 1:colcon.colcon_core.package_identification:_identify(src) by extensions ['python_setup_py']
[4.530s] Level 1:colcon.colcon_core.package_identification:_identify(src) by extension 'python_setup_py'
[4.532s] Level 1:colcon.colcon_core.package_identification:_identify(src/gps_rtk2) by extensions ['ignore', 'ignore_ament_install']
[4.532s] Level 1:colcon.colcon_core.package_identification:_identify(src/gps_rtk2) by extension 'ignore'
[4.533s] Level 1:colcon.colcon_core.package_identification:_identify(src/gps_rtk2) by extension 'ignore_ament_install'
[4.533s] Level 1:colcon.colcon_core.package_identification:_identify(src/gps_rtk2) by extensions ['colcon_pkg']
[4.533s] Level 1:colcon.colcon_core.package_identification:_identify(src/gps_rtk2) by extension 'colcon_pkg'
[4.534s] Level 1:colcon.colcon_core.package_identification:_identify(src/gps_rtk2) by extensions ['colcon_meta']
[4.534s] Level 1:colcon.colcon_core.package_identification:_identify(src/gps_rtk2) by extension 'colcon_meta'
[4.534s] Level 1:colcon.colcon_core.package_identification:_identify(src/gps_rtk2) by extensions ['ros']
[4.535s] Level 1:colcon.colcon_core.package_identification:_identify(src/gps_rtk2) by extension 'ros'
[4.552s] DEBUG:colcon.colcon_core.package_identification:Package 'src/gps_rtk2' with type 'ros.ament_python' and name 'gps_rtk2'
[4.554s] Level 1:colcon.colcon_core.package_identification:_identify(src/imu) by extensions ['ignore', 'ignore_ament_install']
[4.554s] Level 1:colcon.colcon_core.package_identification:_identify(src/imu) by extension 'ignore'
[4.554s] Level 1:colcon.colcon_core.package_identification:_identify(src/imu) by extension 'ignore_ament_install'
[4.555s] Level 1:colcon.colcon_core.package_identification:_identify(src/imu) by extensions ['colcon_pkg']
[4.555s] Level 1:colcon.colcon_core.package_identification:_identify(src/imu) by extension 'colcon_pkg'
[4.555s] Level 1:colcon.colcon_core.package_identification:_identify(src/imu) by extensions ['colcon_meta']
[4.555s] Level 1:colcon.colcon_core.package_identification:_identify(src/imu) by extension 'colcon_meta'
[4.555s] Level 1:colcon.colcon_core.package_identification:_identify(src/imu) by extensions ['ros']
[4.555s] Level 1:colcon.colcon_core.package_identification:_identify(src/imu) by extension 'ros'
[4.559s] DEBUG:colcon.colcon_core.package_identification:Package 'src/imu' with type 'ros.ament_python' and name 'imu'
[4.559s] Level 1:colcon.colcon_core.package_discovery:discover_packages(recursive) using defaults
[4.559s] Level 1:colcon.colcon_core.package_discovery:discover_packages(ignore) discover
[4.559s] Level 1:colcon.colcon_core.package_discovery:discover_packages(ignore) using defaults
[4.560s] Level 1:colcon.colcon_core.package_discovery:discover_packages(path) discover
[4.560s] Level 1:colcon.colcon_core.package_discovery:discover_packages(path) using defaults
[4.674s] Level 1:colcon.colcon_core.package_discovery:discover_packages(prefix_path) check parameters
[4.674s] Level 1:colcon.colcon_core.package_discovery:discover_packages(prefix_path) discover
[4.692s] DEBUG:colcon.colcon_installed_package_information.package_discovery:Found 2 installed packages in /home/ubuntu/RasPi_GPS_IMU/install
[4.703s] DEBUG:colcon.colcon_installed_package_information.package_discovery:Found 256 installed packages in /opt/ros/foxy
[4.710s] Level 1:colcon.colcon_core.package_discovery:discover_packages(prefix_path) using defaults
[5.070s] Level 5:colcon.colcon_core.verb:set package 'gps_rtk2' build argument 'cmake_args' from command line to 'None'
[5.070s] Level 5:colcon.colcon_core.verb:set package 'gps_rtk2' build argument 'cmake_target' from command line to 'None'
[5.070s] Level 5:colcon.colcon_core.verb:set package 'gps_rtk2' build argument 'cmake_target_skip_unavailable' from command line to 'False'
[5.070s] Level 5:colcon.colcon_core.verb:set package 'gps_rtk2' build argument 'cmake_clean_cache' from command line to 'False'
[5.070s] Level 5:colcon.colcon_core.verb:set package 'gps_rtk2' build argument 'cmake_clean_first' from command line to 'False'
[5.070s] Level 5:colcon.colcon_core.verb:set package 'gps_rtk2' build argument 'cmake_force_configure' from command line to 'False'
[5.071s] Level 5:colcon.colcon_core.verb:set package 'gps_rtk2' build argument 'ament_cmake_args' from command line to 'None'
[5.071s] Level 5:colcon.colcon_core.verb:set package 'gps_rtk2' build argument 'catkin_cmake_args' from command line to 'None'
[5.071s] Level 5:colcon.colcon_core.verb:set package 'gps_rtk2' build argument 'catkin_skip_building_tests' from command line to 'False'
[5.071s] DEBUG:colcon.colcon_core.verb:Building package 'gps_rtk2' with the following arguments: {'ament_cmake_args': None, 'build_base': '/home/ubuntu/RasPi_GPS_IMU/build/gps_rtk2', 'catkin_cmake_args': None, 'catkin_skip_building_tests': False, 'cmake_args': None, 'cmake_clean_cache': False, 'cmake_clean_first': False, 'cmake_force_configure': False, 'cmake_target': None, 'cmake_target_skip_unavailable': False, 'install_base': '/home/ubuntu/RasPi_GPS_IMU/install/gps_rtk2', 'merge_install': False, 'path': '/home/ubuntu/RasPi_GPS_IMU/src/gps_rtk2', 'symlink_install': True, 'test_result_base': None}
[5.075s] Level 5:colcon.colcon_core.verb:set package 'imu' build argument 'cmake_args' from command line to 'None'
[5.075s] Level 5:colcon.colcon_core.verb:set package 'imu' build argument 'cmake_target' from command line to 'None'
[5.076s] Level 5:colcon.colcon_core.verb:set package 'imu' build argument 'cmake_target_skip_unavailable' from command line to 'False'
[5.076s] Level 5:colcon.colcon_core.verb:set package 'imu' build argument 'cmake_clean_cache' from command line to 'False'
[5.076s] Level 5:colcon.colcon_core.verb:set package 'imu' build argument 'cmake_clean_first' from command line to 'False'
[5.076s] Level 5:colcon.colcon_core.verb:set package 'imu' build argument 'cmake_force_configure' from command line to 'False'
[5.076s] Level 5:colcon.colcon_core.verb:set package 'imu' build argument 'ament_cmake_args' from command line to 'None'
[5.076s] Level 5:colcon.colcon_core.verb:set package 'imu' build argument 'catkin_cmake_args' from command line to 'None'
[5.076s] Level 5:colcon.colcon_core.verb:set package 'imu' build argument 'catkin_skip_building_tests' from command line to 'False'
[5.076s] DEBUG:colcon.colcon_core.verb:Building package 'imu' with the following arguments: {'ament_cmake_args': None, 'build_base': '/home/ubuntu/RasPi_GPS_IMU/build/imu', 'catkin_cmake_args': None, 'catkin_skip_building_tests': False, 'cmake_args': None, 'cmake_clean_cache': False, 'cmake_clean_first': False, 'cmake_force_configure': False, 'cmake_target': None, 'cmake_target_skip_unavailable': False, 'install_base': '/home/ubuntu/RasPi_GPS_IMU/install/imu', 'merge_install': False, 'path': '/home/ubuntu/RasPi_GPS_IMU/src/imu', 'symlink_install': True, 'test_result_base': None}
[5.079s] INFO:colcon.colcon_core.executor:Executing jobs using 'parallel' executor
[5.093s] DEBUG:colcon.colcon_parallel_executor.executor.parallel:run_until_complete
[5.094s] INFO:colcon.colcon_ros.task.ament_python.build:Building ROS package in '/home/ubuntu/RasPi_GPS_IMU/src/gps_rtk2' with build type 'ament_python'
[5.095s] Level 1:colcon.colcon_core.shell:create_environment_hook('gps_rtk2', 'ament_prefix_path')
[5.133s] INFO:colcon.colcon_core.plugin_system:Skipping extension 'colcon_core.shell.bat': Not used on non-Windows systems
[5.134s] INFO:colcon.colcon_core.shell:Creating environment hook '/home/ubuntu/RasPi_GPS_IMU/install/gps_rtk2/share/gps_rtk2/hook/ament_prefix_path.ps1'
[5.138s] INFO:colcon.colcon_core.shell:Creating environment descriptor '/home/ubuntu/RasPi_GPS_IMU/install/gps_rtk2/share/gps_rtk2/hook/ament_prefix_path.dsv'
[5.142s] INFO:colcon.colcon_core.shell:Creating environment hook '/home/ubuntu/RasPi_GPS_IMU/install/gps_rtk2/share/gps_rtk2/hook/ament_prefix_path.sh'
[5.151s] INFO:colcon.colcon_core.shell:Skip shell extension 'powershell' for command environment: Not usable outside of PowerShell
[5.152s] DEBUG:colcon.colcon_core.shell:Skip shell extension 'dsv' for command environment
[5.178s] INFO:colcon.colcon_ros.task.ament_python.build:Building ROS package in '/home/ubuntu/RasPi_GPS_IMU/src/imu' with build type 'ament_python'
[5.180s] Level 1:colcon.colcon_core.shell:create_environment_hook('imu', 'ament_prefix_path')
[5.188s] INFO:colcon.colcon_core.shell:Creating environment hook '/home/ubuntu/RasPi_GPS_IMU/install/imu/share/imu/hook/ament_prefix_path.ps1'
[5.191s] INFO:colcon.colcon_core.shell:Creating environment descriptor '/home/ubuntu/RasPi_GPS_IMU/install/imu/share/imu/hook/ament_prefix_path.dsv'
[5.195s] INFO:colcon.colcon_core.shell:Creating environment hook '/home/ubuntu/RasPi_GPS_IMU/install/imu/share/imu/hook/ament_prefix_path.sh'
[5.205s] INFO:colcon.colcon_core.shell:Skip shell extension 'powershell' for command environment: Not usable outside of PowerShell
[5.205s] DEBUG:colcon.colcon_core.shell:Skip shell extension 'dsv' for command environment
[6.493s] INFO:colcon.colcon_core.task.python.build:Building Python package in '/home/ubuntu/RasPi_GPS_IMU/src/gps_rtk2'
[6.502s] INFO:colcon.colcon_core.shell:Skip shell extension 'powershell' for command environment: Not usable outside of PowerShell
[6.502s] DEBUG:colcon.colcon_core.shell:Skip shell extension 'dsv' for command environment
[7.938s] INFO:colcon.colcon_core.task.python.build:Building Python package in '/home/ubuntu/RasPi_GPS_IMU/src/imu'
[7.944s] INFO:colcon.colcon_core.shell:Skip shell extension 'powershell' for command environment: Not usable outside of PowerShell
[7.944s] DEBUG:colcon.colcon_core.shell:Skip shell extension 'dsv' for command environment
[10.313s] DEBUG:colcon.colcon_core.event_handler.log_command:Invoking command in '/home/ubuntu/RasPi_GPS_IMU/build/gps_rtk2': PYTHONPATH=/home/ubuntu/RasPi_GPS_IMU/build/gps_rtk2/prefix_override:/home/ubuntu/RasPi_GPS_IMU/install/gps_rtk2/lib/python3.8/site-packages:${PYTHONPATH} /usr/bin/python3 setup.py develop --editable --build-directory /home/ubuntu/RasPi_GPS_IMU/build/gps_rtk2/build --no-deps install_data
[10.357s] DEBUG:colcon.colcon_core.event_handler.log_command:Invoking command in '/home/ubuntu/RasPi_GPS_IMU/build/imu': PYTHONPATH=/home/ubuntu/RasPi_GPS_IMU/build/imu/prefix_override:/home/ubuntu/RasPi_GPS_IMU/install/imu/lib/python3.8/site-packages:${PYTHONPATH} /usr/bin/python3 setup.py develop --editable --build-directory /home/ubuntu/RasPi_GPS_IMU/build/imu/build --no-deps install_data
[12.976s] Level 1:colcon.colcon_core.shell:create_environment_hook('gps_rtk2', 'pythonpath_develop')
[12.985s] INFO:colcon.colcon_core.shell:Creating environment hook '/home/ubuntu/RasPi_GPS_IMU/build/gps_rtk2/share/gps_rtk2/hook/pythonpath_develop.ps1'
[12.988s] DEBUG:colcon.colcon_core.event_handler.log_command:Invoked command in '/home/ubuntu/RasPi_GPS_IMU/build/gps_rtk2' returned '0': PYTHONPATH=/home/ubuntu/RasPi_GPS_IMU/build/gps_rtk2/prefix_override:/home/ubuntu/RasPi_GPS_IMU/install/gps_rtk2/lib/python3.8/site-packages:${PYTHONPATH} /usr/bin/python3 setup.py develop --editable --build-directory /home/ubuntu/RasPi_GPS_IMU/build/gps_rtk2/build --no-deps install_data
[12.991s] INFO:colcon.colcon_core.shell:Creating environment descriptor '/home/ubuntu/RasPi_GPS_IMU/build/gps_rtk2/share/gps_rtk2/hook/pythonpath_develop.dsv'
[12.996s] INFO:colcon.colcon_core.shell:Creating environment hook '/home/ubuntu/RasPi_GPS_IMU/build/gps_rtk2/share/gps_rtk2/hook/pythonpath_develop.sh'
[13.048s] Level 1:colcon.colcon_core.environment:checking '/home/ubuntu/RasPi_GPS_IMU/install/gps_rtk2' for CMake module files
[13.051s] Level 1:colcon.colcon_core.environment:checking '/home/ubuntu/RasPi_GPS_IMU/install/gps_rtk2' for CMake config files
[13.055s] Level 1:colcon.colcon_core.environment:checking '/home/ubuntu/RasPi_GPS_IMU/install/gps_rtk2/lib'
[13.056s] Level 1:colcon.colcon_core.environment:checking '/home/ubuntu/RasPi_GPS_IMU/install/gps_rtk2/bin'
[13.056s] Level 1:colcon.colcon_core.environment:checking '/home/ubuntu/RasPi_GPS_IMU/install/gps_rtk2/lib/pkgconfig/gps_rtk2.pc'
[13.057s] Level 1:colcon.colcon_core.environment:checking '/home/ubuntu/RasPi_GPS_IMU/install/gps_rtk2/lib/python3.8/site-packages'
[13.058s] Level 1:colcon.colcon_core.shell:create_environment_hook('gps_rtk2', 'pythonpath')
[13.063s] INFO:colcon.colcon_core.shell:Creating environment hook '/home/ubuntu/RasPi_GPS_IMU/install/gps_rtk2/share/gps_rtk2/hook/pythonpath.ps1'
[13.065s] INFO:colcon.colcon_core.shell:Creating environment descriptor '/home/ubuntu/RasPi_GPS_IMU/install/gps_rtk2/share/gps_rtk2/hook/pythonpath.dsv'
[13.066s] INFO:colcon.colcon_core.shell:Creating environment hook '/home/ubuntu/RasPi_GPS_IMU/install/gps_rtk2/share/gps_rtk2/hook/pythonpath.sh'
[13.068s] Level 1:colcon.colcon_core.environment:checking '/home/ubuntu/RasPi_GPS_IMU/install/gps_rtk2/bin'
[13.069s] Level 1:colcon.colcon_core.environment:create_environment_scripts_only(gps_rtk2)
[13.075s] INFO:colcon.colcon_core.shell:Creating package script '/home/ubuntu/RasPi_GPS_IMU/install/gps_rtk2/share/gps_rtk2/package.ps1'
[13.079s] INFO:colcon.colcon_core.shell:Creating package descriptor '/home/ubuntu/RasPi_GPS_IMU/install/gps_rtk2/share/gps_rtk2/package.dsv'
[13.082s] INFO:colcon.colcon_core.shell:Creating package script '/home/ubuntu/RasPi_GPS_IMU/install/gps_rtk2/share/gps_rtk2/package.sh'
[13.086s] INFO:colcon.colcon_core.shell:Creating package script '/home/ubuntu/RasPi_GPS_IMU/install/gps_rtk2/share/gps_rtk2/package.bash'
[13.091s] INFO:colcon.colcon_core.shell:Creating package script '/home/ubuntu/RasPi_GPS_IMU/install/gps_rtk2/share/gps_rtk2/package.zsh'
[13.095s] Level 1:colcon.colcon_core.environment:create_file_with_runtime_dependencies(/home/ubuntu/RasPi_GPS_IMU/install/gps_rtk2/share/colcon-core/packages/gps_rtk2)
[13.099s] Level 1:colcon.colcon_core.shell:create_environment_hook('imu', 'pythonpath_develop')
[13.106s] INFO:colcon.colcon_core.shell:Creating environment hook '/home/ubuntu/RasPi_GPS_IMU/build/imu/share/imu/hook/pythonpath_develop.ps1'
[13.107s] DEBUG:colcon.colcon_core.event_handler.log_command:Invoked command in '/home/ubuntu/RasPi_GPS_IMU/build/imu' returned '0': PYTHONPATH=/home/ubuntu/RasPi_GPS_IMU/build/imu/prefix_override:/home/ubuntu/RasPi_GPS_IMU/install/imu/lib/python3.8/site-packages:${PYTHONPATH} /usr/bin/python3 setup.py develop --editable --build-directory /home/ubuntu/RasPi_GPS_IMU/build/imu/build --no-deps install_data
[13.109s] INFO:colcon.colcon_core.shell:Creating environment descriptor '/home/ubuntu/RasPi_GPS_IMU/build/imu/share/imu/hook/pythonpath_develop.dsv'
[13.111s] INFO:colcon.colcon_core.shell:Creating environment hook '/home/ubuntu/RasPi_GPS_IMU/build/imu/share/imu/hook/pythonpath_develop.sh'
[13.122s] Level 1:colcon.colcon_core.environment:checking '/home/ubuntu/RasPi_GPS_IMU/install/imu' for CMake module files
[13.125s] Level 1:colcon.colcon_core.environment:checking '/home/ubuntu/RasPi_GPS_IMU/install/imu' for CMake config files
[13.128s] Level 1:colcon.colcon_core.environment:checking '/home/ubuntu/RasPi_GPS_IMU/install/imu/lib'
[13.128s] Level 1:colcon.colcon_core.environment:checking '/home/ubuntu/RasPi_GPS_IMU/install/imu/bin'
[13.129s] Level 1:colcon.colcon_core.environment:checking '/home/ubuntu/RasPi_GPS_IMU/install/imu/lib/pkgconfig/imu.pc'
[13.130s] Level 1:colcon.colcon_core.environment:checking '/home/ubuntu/RasPi_GPS_IMU/install/imu/lib/python3.8/site-packages'
[13.130s] Level 1:colcon.colcon_core.shell:create_environment_hook('imu', 'pythonpath')
[13.136s] INFO:colcon.colcon_core.shell:Creating environment hook '/home/ubuntu/RasPi_GPS_IMU/install/imu/share/imu/hook/pythonpath.ps1'
[13.138s] INFO:colcon.colcon_core.shell:Creating environment descriptor '/home/ubuntu/RasPi_GPS_IMU/install/imu/share/imu/hook/pythonpath.dsv'
[13.139s] INFO:colcon.colcon_core.shell:Creating environment hook '/home/ubuntu/RasPi_GPS_IMU/install/imu/share/imu/hook/pythonpath.sh'
[13.142s] Level 1:colcon.colcon_core.environment:checking '/home/ubuntu/RasPi_GPS_IMU/install/imu/bin'
[13.142s] Level 1:colcon.colcon_core.environment:create_environment_scripts_only(imu)
[13.148s] INFO:colcon.colcon_core.shell:Creating package script '/home/ubuntu/RasPi_GPS_IMU/install/imu/share/imu/package.ps1'
[13.150s] INFO:colcon.colcon_core.shell:Creating package descriptor '/home/ubuntu/RasPi_GPS_IMU/install/imu/share/imu/package.dsv'
[13.152s] INFO:colcon.colcon_core.shell:Creating package script '/home/ubuntu/RasPi_GPS_IMU/install/imu/share/imu/package.sh'
[13.155s] INFO:colcon.colcon_core.shell:Creating package script '/home/ubuntu/RasPi_GPS_IMU/install/imu/share/imu/package.bash'
[13.156s] INFO:colcon.colcon_core.shell:Creating package script '/home/ubuntu/RasPi_GPS_IMU/install/imu/share/imu/package.zsh'
[13.158s] Level 1:colcon.colcon_core.environment:create_file_with_runtime_dependencies(/home/ubuntu/RasPi_GPS_IMU/install/imu/share/colcon-core/packages/imu)
[13.159s] DEBUG:colcon.colcon_parallel_executor.executor.parallel:closing loop
[13.160s] DEBUG:colcon.colcon_parallel_executor.executor.parallel:loop closed
[13.161s] DEBUG:colcon.colcon_parallel_executor.executor.parallel:run_until_complete finished with '0'
[13.161s] DEBUG:colcon.colcon_core.event_reactor:joining thread
[13.193s] INFO:colcon.colcon_core.plugin_system:Skipping extension 'colcon_notification.desktop_notification.terminal_notifier': Not used on non-Darwin systems
[13.193s] INFO:colcon.colcon_core.plugin_system:Skipping extension 'colcon_notification.desktop_notification.win32': Not used on non-Windows systems
[13.194s] INFO:colcon.colcon_notification.desktop_notification:Sending desktop notification using 'notify2'
[13.273s] DEBUG:colcon.colcon_core.event_reactor:joined thread
[13.280s] INFO:colcon.colcon_core.shell:Creating prefix script '/home/ubuntu/RasPi_GPS_IMU/install/local_setup.ps1'
[13.349s] INFO:colcon.colcon_core.shell:Creating prefix util module '/home/ubuntu/RasPi_GPS_IMU/install/_local_setup_util_ps1.py'
[13.369s] INFO:colcon.colcon_core.shell:Creating prefix chain script '/home/ubuntu/RasPi_GPS_IMU/install/setup.ps1'
[13.388s] INFO:colcon.colcon_core.shell:Creating prefix script '/home/ubuntu/RasPi_GPS_IMU/install/local_setup.sh'
[13.401s] INFO:colcon.colcon_core.shell:Creating prefix util module '/home/ubuntu/RasPi_GPS_IMU/install/_local_setup_util_sh.py'
[13.403s] INFO:colcon.colcon_core.shell:Creating prefix chain script '/home/ubuntu/RasPi_GPS_IMU/install/setup.sh'
[13.418s] INFO:colcon.colcon_core.shell:Creating prefix script '/home/ubuntu/RasPi_GPS_IMU/install/local_setup.bash'
[13.429s] INFO:colcon.colcon_core.shell:Creating prefix chain script '/home/ubuntu/RasPi_GPS_IMU/install/setup.bash'
[13.444s] INFO:colcon.colcon_core.shell:Creating prefix script '/home/ubuntu/RasPi_GPS_IMU/install/local_setup.zsh'
[13.457s] INFO:colcon.colcon_core.shell:Creating prefix chain script '/home/ubuntu/RasPi_GPS_IMU/install/setup.zsh'
