[1.004s] DEBUG:colcon:Command line arguments: ['/usr/bin/colcon', 'build', '--symlink-install']
[1.004s] DEBUG:colcon:Parsed command line arguments: Namespace(log_base=None, log_level=None, verb_name='build', build_base='build', install_base='install', merge_install=False, symlink_install=True, test_result_base=None, continue_on_error=False, executor='parallel', parallel_workers=8, event_handlers=None, ignore_user_meta=False, metas=['./colcon.meta'], base_paths=['.'], packages_ignore=None, packages_ignore_regex=None, paths=None, packages_up_to=None, packages_up_to_regex=None, packages_above=None, packages_above_and_dependencies=None, packages_above_depth=None, packages_select_by_dep=None, packages_skip_by_dep=None, packages_skip_up_to=None, packages_select_build_failed=False, packages_skip_build_finished=False, packages_select_test_failures=False, packages_skip_test_passed=False, packages_select=None, packages_skip=None, packages_select_regex=None, packages_skip_regex=None, packages_start=None, packages_end=None, allow_overriding=[], cmake_args=None, cmake_target=None, cmake_target_skip_unavailable=False, cmake_clean_cache=False, cmake_clean_first=False, cmake_force_configure=False, ament_cmake_args=None, catkin_cmake_args=None, catkin_skip_building_tests=False, verb_parser=<colcon_defaults.argument_parser.defaults.DefaultArgumentsDecorator object at 0x7f270ce2cf10>, verb_extension=<colcon_core.verb.build.BuildVerb object at 0x7f270ce2ee60>, main=<bound method BuildVerb.main of <colcon_core.verb.build.BuildVerb object at 0x7f270ce2ee60>>)
[1.092s] Level 1:colcon.colcon_core.package_discovery:discover_packages(colcon_meta) check parameters
[1.092s] Level 1:colcon.colcon_core.package_discovery:discover_packages(recursive) check parameters
[1.092s] Level 1:colcon.colcon_core.package_discovery:discover_packages(ignore) check parameters
[1.092s] Level 1:colcon.colcon_core.package_discovery:discover_packages(path) check parameters
[1.092s] Level 1:colcon.colcon_core.package_discovery:discover_packages(colcon_meta) discover
[1.092s] Level 1:colcon.colcon_core.package_discovery:discover_packages(recursive) discover
[1.092s] INFO:colcon.colcon_core.package_discovery:Crawling recursively for packages in '/home/vom/ros2_ws/RasPi_GPS_IMU'
[1.092s] Level 1:colcon.colcon_core.package_identification:_identify(.) by extensions ['ignore', 'ignore_ament_install']
[1.093s] Level 1:colcon.colcon_core.package_identification:_identify(.) by extension 'ignore'
[1.093s] Level 1:colcon.colcon_core.package_identification:_identify(.) by extension 'ignore_ament_install'
[1.093s] Level 1:colcon.colcon_core.package_identification:_identify(.) by extensions ['colcon_pkg']
[1.093s] Level 1:colcon.colcon_core.package_identification:_identify(.) by extension 'colcon_pkg'
[1.093s] Level 1:colcon.colcon_core.package_identification:_identify(.) by extensions ['colcon_meta']
[1.093s] Level 1:colcon.colcon_core.package_identification:_identify(.) by extension 'colcon_meta'
[1.093s] Level 1:colcon.colcon_core.package_identification:_identify(.) by extensions ['ros']
[1.093s] Level 1:colcon.colcon_core.package_identification:_identify(.) by extension 'ros'
[1.104s] Level 1:colcon.colcon_core.package_identification:_identify(.) by extensions ['cmake', 'python']
[1.104s] Level 1:colcon.colcon_core.package_identification:_identify(.) by extension 'cmake'
[1.104s] Level 1:colcon.colcon_core.package_identification:_identify(.) by extension 'python'
[1.104s] Level 1:colcon.colcon_core.package_identification:_identify(.) by extensions ['python_setup_py']
[1.104s] Level 1:colcon.colcon_core.package_identification:_identify(.) by extension 'python_setup_py'
[1.104s] Level 1:colcon.colcon_core.package_identification:_identify(build) by extensions ['ignore', 'ignore_ament_install']
[1.104s] Level 1:colcon.colcon_core.package_identification:_identify(build) by extension 'ignore'
[1.104s] Level 1:colcon.colcon_core.package_identification:_identify(build) ignored
[1.104s] Level 1:colcon.colcon_core.package_identification:_identify(install) by extensions ['ignore', 'ignore_ament_install']
[1.104s] Level 1:colcon.colcon_core.package_identification:_identify(install) by extension 'ignore'
[1.104s] Level 1:colcon.colcon_core.package_identification:_identify(install) ignored
[1.104s] Level 1:colcon.colcon_core.package_identification:_identify(log) by extensions ['ignore', 'ignore_ament_install']
[1.105s] Level 1:colcon.colcon_core.package_identification:_identify(log) by extension 'ignore'
[1.105s] Level 1:colcon.colcon_core.package_identification:_identify(log) ignored
[1.105s] Level 1:colcon.colcon_core.package_identification:_identify(src) by extensions ['ignore', 'ignore_ament_install']
[1.105s] Level 1:colcon.colcon_core.package_identification:_identify(src) by extension 'ignore'
[1.105s] Level 1:colcon.colcon_core.package_identification:_identify(src) by extension 'ignore_ament_install'
[1.105s] Level 1:colcon.colcon_core.package_identification:_identify(src) by extensions ['colcon_pkg']
[1.105s] Level 1:colcon.colcon_core.package_identification:_identify(src) by extension 'colcon_pkg'
[1.105s] Level 1:colcon.colcon_core.package_identification:_identify(src) by extensions ['colcon_meta']
[1.105s] Level 1:colcon.colcon_core.package_identification:_identify(src) by extension 'colcon_meta'
[1.105s] Level 1:colcon.colcon_core.package_identification:_identify(src) by extensions ['ros']
[1.105s] Level 1:colcon.colcon_core.package_identification:_identify(src) by extension 'ros'
[1.105s] Level 1:colcon.colcon_core.package_identification:_identify(src) by extensions ['cmake', 'python']
[1.105s] Level 1:colcon.colcon_core.package_identification:_identify(src) by extension 'cmake'
[1.105s] Level 1:colcon.colcon_core.package_identification:_identify(src) by extension 'python'
[1.105s] Level 1:colcon.colcon_core.package_identification:_identify(src) by extensions ['python_setup_py']
[1.105s] Level 1:colcon.colcon_core.package_identification:_identify(src) by extension 'python_setup_py'
[1.106s] Level 1:colcon.colcon_core.package_identification:_identify(src/gps_rtk2) by extensions ['ignore', 'ignore_ament_install']
[1.106s] Level 1:colcon.colcon_core.package_identification:_identify(src/gps_rtk2) by extension 'ignore'
[1.106s] Level 1:colcon.colcon_core.package_identification:_identify(src/gps_rtk2) by extension 'ignore_ament_install'
[1.106s] Level 1:colcon.colcon_core.package_identification:_identify(src/gps_rtk2) by extensions ['colcon_pkg']
[1.106s] Level 1:colcon.colcon_core.package_identification:_identify(src/gps_rtk2) by extension 'colcon_pkg'
[1.106s] Level 1:colcon.colcon_core.package_identification:_identify(src/gps_rtk2) by extensions ['colcon_meta']
[1.106s] Level 1:colcon.colcon_core.package_identification:_identify(src/gps_rtk2) by extension 'colcon_meta'
[1.106s] Level 1:colcon.colcon_core.package_identification:_identify(src/gps_rtk2) by extensions ['ros']
[1.106s] Level 1:colcon.colcon_core.package_identification:_identify(src/gps_rtk2) by extension 'ros'
[1.110s] DEBUG:colcon.colcon_core.package_identification:Package 'src/gps_rtk2' with type 'ros.ament_python' and name 'gps_rtk2'
[1.110s] Level 1:colcon.colcon_core.package_identification:_identify(src/imu) by extensions ['ignore', 'ignore_ament_install']
[1.111s] Level 1:colcon.colcon_core.package_identification:_identify(src/imu) by extension 'ignore'
[1.111s] Level 1:colcon.colcon_core.package_identification:_identify(src/imu) by extension 'ignore_ament_install'
[1.111s] Level 1:colcon.colcon_core.package_identification:_identify(src/imu) by extensions ['colcon_pkg']
[1.111s] Level 1:colcon.colcon_core.package_identification:_identify(src/imu) by extension 'colcon_pkg'
[1.111s] Level 1:colcon.colcon_core.package_identification:_identify(src/imu) by extensions ['colcon_meta']
[1.111s] Level 1:colcon.colcon_core.package_identification:_identify(src/imu) by extension 'colcon_meta'
[1.111s] Level 1:colcon.colcon_core.package_identification:_identify(src/imu) by extensions ['ros']
[1.111s] Level 1:colcon.colcon_core.package_identification:_identify(src/imu) by extension 'ros'
[1.112s] DEBUG:colcon.colcon_core.package_identification:Package 'src/imu' with type 'ros.ament_python' and name 'imu'
[1.112s] Level 1:colcon.colcon_core.package_identification:_identify(src/yansa_bringup) by extensions ['ignore', 'ignore_ament_install']
[1.112s] Level 1:colcon.colcon_core.package_identification:_identify(src/yansa_bringup) by extension 'ignore'
[1.112s] Level 1:colcon.colcon_core.package_identification:_identify(src/yansa_bringup) by extension 'ignore_ament_install'
[1.112s] Level 1:colcon.colcon_core.package_identification:_identify(src/yansa_bringup) by extensions ['colcon_pkg']
[1.112s] Level 1:colcon.colcon_core.package_identification:_identify(src/yansa_bringup) by extension 'colcon_pkg'
[1.112s] Level 1:colcon.colcon_core.package_identification:_identify(src/yansa_bringup) by extensions ['colcon_meta']
[1.112s] Level 1:colcon.colcon_core.package_identification:_identify(src/yansa_bringup) by extension 'colcon_meta'
[1.112s] Level 1:colcon.colcon_core.package_identification:_identify(src/yansa_bringup) by extensions ['ros']
[1.112s] Level 1:colcon.colcon_core.package_identification:_identify(src/yansa_bringup) by extension 'ros'
[1.113s] DEBUG:colcon.colcon_core.package_identification:Package 'src/yansa_bringup' with type 'ros.ament_cmake' and name 'yansa_bringup'
[1.113s] Level 1:colcon.colcon_core.package_discovery:discover_packages(recursive) using defaults
[1.113s] Level 1:colcon.colcon_core.package_discovery:discover_packages(ignore) discover
[1.113s] Level 1:colcon.colcon_core.package_discovery:discover_packages(ignore) using defaults
[1.113s] Level 1:colcon.colcon_core.package_discovery:discover_packages(path) discover
[1.113s] Level 1:colcon.colcon_core.package_discovery:discover_packages(path) using defaults
[1.245s] Level 1:colcon.colcon_core.package_discovery:discover_packages(prefix_path) check parameters
[1.245s] Level 1:colcon.colcon_core.package_discovery:discover_packages(prefix_path) discover
[1.281s] DEBUG:colcon.colcon_installed_package_information.package_discovery:Found 2 installed packages in /home/vom/ros2_ws/RasPi_LiDAR/install
[1.296s] DEBUG:colcon.colcon_installed_package_information.package_discovery:Found 2 installed packages in /home/vom/ros2_ws/RasPi_GPS_IMU/install
[1.312s] DEBUG:colcon.colcon_installed_package_information.package_discovery:Found 1 installed packages in /home/vom/ros2_ws/HusarionRosbot2R/install
[1.328s] DEBUG:colcon.colcon_installed_package_information.package_discovery:Found 277 installed packages in /opt/ros/humble
[1.337s] Level 1:colcon.colcon_core.package_discovery:discover_packages(prefix_path) using defaults
[1.448s] Level 5:colcon.colcon_core.verb:set package 'gps_rtk2' build argument 'cmake_args' from command line to 'None'
[1.448s] Level 5:colcon.colcon_core.verb:set package 'gps_rtk2' build argument 'cmake_target' from command line to 'None'
[1.448s] Level 5:colcon.colcon_core.verb:set package 'gps_rtk2' build argument 'cmake_target_skip_unavailable' from command line to 'False'
[1.449s] Level 5:colcon.colcon_core.verb:set package 'gps_rtk2' build argument 'cmake_clean_cache' from command line to 'False'
[1.449s] Level 5:colcon.colcon_core.verb:set package 'gps_rtk2' build argument 'cmake_clean_first' from command line to 'False'
[1.449s] Level 5:colcon.colcon_core.verb:set package 'gps_rtk2' build argument 'cmake_force_configure' from command line to 'False'
[1.449s] Level 5:colcon.colcon_core.verb:set package 'gps_rtk2' build argument 'ament_cmake_args' from command line to 'None'
[1.449s] Level 5:colcon.colcon_core.verb:set package 'gps_rtk2' build argument 'catkin_cmake_args' from command line to 'None'
[1.449s] Level 5:colcon.colcon_core.verb:set package 'gps_rtk2' build argument 'catkin_skip_building_tests' from command line to 'False'
[1.449s] DEBUG:colcon.colcon_core.verb:Building package 'gps_rtk2' with the following arguments: {'ament_cmake_args': None, 'build_base': '/home/vom/ros2_ws/RasPi_GPS_IMU/build/gps_rtk2', 'catkin_cmake_args': None, 'catkin_skip_building_tests': False, 'cmake_args': None, 'cmake_clean_cache': False, 'cmake_clean_first': False, 'cmake_force_configure': False, 'cmake_target': None, 'cmake_target_skip_unavailable': False, 'install_base': '/home/vom/ros2_ws/RasPi_GPS_IMU/install/gps_rtk2', 'merge_install': False, 'path': '/home/vom/ros2_ws/RasPi_GPS_IMU/src/gps_rtk2', 'symlink_install': True, 'test_result_base': None}
[1.464s] Level 5:colcon.colcon_core.verb:set package 'imu' build argument 'cmake_args' from command line to 'None'
[1.464s] Level 5:colcon.colcon_core.verb:set package 'imu' build argument 'cmake_target' from command line to 'None'
[1.464s] Level 5:colcon.colcon_core.verb:set package 'imu' build argument 'cmake_target_skip_unavailable' from command line to 'False'
[1.464s] Level 5:colcon.colcon_core.verb:set package 'imu' build argument 'cmake_clean_cache' from command line to 'False'
[1.464s] Level 5:colcon.colcon_core.verb:set package 'imu' build argument 'cmake_clean_first' from command line to 'False'
[1.464s] Level 5:colcon.colcon_core.verb:set package 'imu' build argument 'cmake_force_configure' from command line to 'False'
[1.464s] Level 5:colcon.colcon_core.verb:set package 'imu' build argument 'ament_cmake_args' from command line to 'None'
[1.464s] Level 5:colcon.colcon_core.verb:set package 'imu' build argument 'catkin_cmake_args' from command line to 'None'
[1.464s] Level 5:colcon.colcon_core.verb:set package 'imu' build argument 'catkin_skip_building_tests' from command line to 'False'
[1.464s] DEBUG:colcon.colcon_core.verb:Building package 'imu' with the following arguments: {'ament_cmake_args': None, 'build_base': '/home/vom/ros2_ws/RasPi_GPS_IMU/build/imu', 'catkin_cmake_args': None, 'catkin_skip_building_tests': False, 'cmake_args': None, 'cmake_clean_cache': False, 'cmake_clean_first': False, 'cmake_force_configure': False, 'cmake_target': None, 'cmake_target_skip_unavailable': False, 'install_base': '/home/vom/ros2_ws/RasPi_GPS_IMU/install/imu', 'merge_install': False, 'path': '/home/vom/ros2_ws/RasPi_GPS_IMU/src/imu', 'symlink_install': True, 'test_result_base': None}
[1.479s] Level 5:colcon.colcon_core.verb:set package 'yansa_bringup' build argument 'cmake_args' from command line to 'None'
[1.479s] Level 5:colcon.colcon_core.verb:set package 'yansa_bringup' build argument 'cmake_target' from command line to 'None'
[1.479s] Level 5:colcon.colcon_core.verb:set package 'yansa_bringup' build argument 'cmake_target_skip_unavailable' from command line to 'False'
[1.479s] Level 5:colcon.colcon_core.verb:set package 'yansa_bringup' build argument 'cmake_clean_cache' from command line to 'False'
[1.479s] Level 5:colcon.colcon_core.verb:set package 'yansa_bringup' build argument 'cmake_clean_first' from command line to 'False'
[1.479s] Level 5:colcon.colcon_core.verb:set package 'yansa_bringup' build argument 'cmake_force_configure' from command line to 'False'
[1.479s] Level 5:colcon.colcon_core.verb:set package 'yansa_bringup' build argument 'ament_cmake_args' from command line to 'None'
[1.479s] Level 5:colcon.colcon_core.verb:set package 'yansa_bringup' build argument 'catkin_cmake_args' from command line to 'None'
[1.479s] Level 5:colcon.colcon_core.verb:set package 'yansa_bringup' build argument 'catkin_skip_building_tests' from command line to 'False'
[1.479s] DEBUG:colcon.colcon_core.verb:Building package 'yansa_bringup' with the following arguments: {'ament_cmake_args': None, 'build_base': '/home/vom/ros2_ws/RasPi_GPS_IMU/build/yansa_bringup', 'catkin_cmake_args': None, 'catkin_skip_building_tests': False, 'cmake_args': None, 'cmake_clean_cache': False, 'cmake_clean_first': False, 'cmake_force_configure': False, 'cmake_target': None, 'cmake_target_skip_unavailable': False, 'install_base': '/home/vom/ros2_ws/RasPi_GPS_IMU/install/yansa_bringup', 'merge_install': False, 'path': '/home/vom/ros2_ws/RasPi_GPS_IMU/src/yansa_bringup', 'symlink_install': True, 'test_result_base': None}
[1.494s] INFO:colcon.colcon_core.executor:Executing jobs using 'parallel' executor
[1.509s] DEBUG:colcon.colcon_parallel_executor.executor.parallel:run_until_complete
[1.510s] INFO:colcon.colcon_ros.task.ament_python.build:Building ROS package in '/home/vom/ros2_ws/RasPi_GPS_IMU/src/gps_rtk2' with build type 'ament_python'
[1.510s] Level 1:colcon.colcon_core.shell:create_environment_hook('gps_rtk2', 'ament_prefix_path')
[1.534s] INFO:colcon.colcon_core.plugin_system:Skipping extension 'colcon_core.shell.bat': Not used on non-Windows systems
[1.534s] INFO:colcon.colcon_core.shell:Creating environment hook '/home/vom/ros2_ws/RasPi_GPS_IMU/install/gps_rtk2/share/gps_rtk2/hook/ament_prefix_path.ps1'
[1.536s] INFO:colcon.colcon_core.shell:Creating environment descriptor '/home/vom/ros2_ws/RasPi_GPS_IMU/install/gps_rtk2/share/gps_rtk2/hook/ament_prefix_path.dsv'
[1.537s] INFO:colcon.colcon_core.shell:Creating environment hook '/home/vom/ros2_ws/RasPi_GPS_IMU/install/gps_rtk2/share/gps_rtk2/hook/ament_prefix_path.sh'
[1.557s] INFO:colcon.colcon_core.shell:Skip shell extension 'powershell' for command environment: Not usable outside of PowerShell
[1.557s] DEBUG:colcon.colcon_core.shell:Skip shell extension 'dsv' for command environment
[1.651s] INFO:colcon.colcon_ros.task.ament_python.build:Building ROS package in '/home/vom/ros2_ws/RasPi_GPS_IMU/src/imu' with build type 'ament_python'
[1.651s] Level 1:colcon.colcon_core.shell:create_environment_hook('imu', 'ament_prefix_path')
[1.672s] INFO:colcon.colcon_core.shell:Creating environment hook '/home/vom/ros2_ws/RasPi_GPS_IMU/install/imu/share/imu/hook/ament_prefix_path.ps1'
[1.673s] INFO:colcon.colcon_core.shell:Creating environment descriptor '/home/vom/ros2_ws/RasPi_GPS_IMU/install/imu/share/imu/hook/ament_prefix_path.dsv'
[1.674s] INFO:colcon.colcon_core.shell:Creating environment hook '/home/vom/ros2_ws/RasPi_GPS_IMU/install/imu/share/imu/hook/ament_prefix_path.sh'
[1.696s] INFO:colcon.colcon_core.shell:Skip shell extension 'powershell' for command environment: Not usable outside of PowerShell
[1.696s] DEBUG:colcon.colcon_core.shell:Skip shell extension 'dsv' for command environment
[1.786s] INFO:colcon.colcon_ros.task.ament_cmake.build:Building ROS package in '/home/vom/ros2_ws/RasPi_GPS_IMU/src/yansa_bringup' with build type 'ament_cmake'
[1.786s] INFO:colcon.colcon_cmake.task.cmake.build:Building CMake package in '/home/vom/ros2_ws/RasPi_GPS_IMU/src/yansa_bringup'
[1.803s] INFO:colcon.colcon_core.shell:Skip shell extension 'powershell' for command environment: Not usable outside of PowerShell
[1.803s] DEBUG:colcon.colcon_core.shell:Skip shell extension 'dsv' for command environment
[2.182s] INFO:colcon.colcon_core.task.python.build:Building Python package in '/home/vom/ros2_ws/RasPi_GPS_IMU/src/gps_rtk2'
[2.201s] INFO:colcon.colcon_core.shell:Skip shell extension 'powershell' for command environment: Not usable outside of PowerShell
[2.201s] DEBUG:colcon.colcon_core.shell:Skip shell extension 'dsv' for command environment
[2.569s] INFO:colcon.colcon_core.task.python.build:Building Python package in '/home/vom/ros2_ws/RasPi_GPS_IMU/src/imu'
[2.584s] INFO:colcon.colcon_core.shell:Skip shell extension 'powershell' for command environment: Not usable outside of PowerShell
[2.584s] DEBUG:colcon.colcon_core.shell:Skip shell extension 'dsv' for command environment
[2.672s] DEBUG:colcon.colcon_core.event_handler.log_command:Invoking command in '/home/vom/ros2_ws/RasPi_GPS_IMU/build/yansa_bringup': CMAKE_PREFIX_PATH=${CMAKE_PREFIX_PATH}:/home/vom/ros2_ws/RasPi_LiDAR/install/velodyne_lidar:/home/vom/ros2_ws/HusarionRosbot2R/install/my_robot_controller:/home/vom/ros2_ws/RasPi_GPS_IMU/install/imu:/home/vom/ros2_ws/RasPi_GPS_IMU/install/gps_rtk2:/opt/ros/humble /usr/bin/cmake /home/vom/ros2_ws/RasPi_GPS_IMU/src/yansa_bringup -DAMENT_CMAKE_SYMLINK_INSTALL=1 -DCMAKE_INSTALL_PREFIX=/home/vom/ros2_ws/RasPi_GPS_IMU/install/yansa_bringup
[3.717s] DEBUG:colcon.colcon_core.event_handler.log_command:Invoking command in '/home/vom/ros2_ws/RasPi_GPS_IMU/build/gps_rtk2': PYTHONPATH=/home/vom/ros2_ws/RasPi_GPS_IMU/build/gps_rtk2/prefix_override:/home/vom/ros2_ws/RasPi_GPS_IMU/install/gps_rtk2/lib/python3.10/site-packages:${PYTHONPATH} /usr/bin/python3 setup.py develop --editable --build-directory /home/vom/ros2_ws/RasPi_GPS_IMU/build/gps_rtk2/build --no-deps install_data
[3.726s] DEBUG:colcon.colcon_core.event_handler.log_command:Invoking command in '/home/vom/ros2_ws/RasPi_GPS_IMU/build/imu': PYTHONPATH=/home/vom/ros2_ws/RasPi_GPS_IMU/build/imu/prefix_override:/home/vom/ros2_ws/RasPi_GPS_IMU/install/imu/lib/python3.10/site-packages:${PYTHONPATH} /usr/bin/python3 setup.py develop --editable --build-directory /home/vom/ros2_ws/RasPi_GPS_IMU/build/imu/build --no-deps install_data
[4.349s] Level 1:colcon.colcon_core.shell:create_environment_hook('gps_rtk2', 'pythonpath_develop')
[4.367s] INFO:colcon.colcon_core.shell:Creating environment hook '/home/vom/ros2_ws/RasPi_GPS_IMU/build/gps_rtk2/share/gps_rtk2/hook/pythonpath_develop.ps1'
[4.368s] INFO:colcon.colcon_core.shell:Creating environment descriptor '/home/vom/ros2_ws/RasPi_GPS_IMU/build/gps_rtk2/share/gps_rtk2/hook/pythonpath_develop.dsv'
[4.368s] INFO:colcon.colcon_core.shell:Creating environment hook '/home/vom/ros2_ws/RasPi_GPS_IMU/build/gps_rtk2/share/gps_rtk2/hook/pythonpath_develop.sh'
[4.372s] DEBUG:colcon.colcon_core.event_handler.log_command:Invoked command in '/home/vom/ros2_ws/RasPi_GPS_IMU/build/gps_rtk2' returned '0': PYTHONPATH=/home/vom/ros2_ws/RasPi_GPS_IMU/build/gps_rtk2/prefix_override:/home/vom/ros2_ws/RasPi_GPS_IMU/install/gps_rtk2/lib/python3.10/site-packages:${PYTHONPATH} /usr/bin/python3 setup.py develop --editable --build-directory /home/vom/ros2_ws/RasPi_GPS_IMU/build/gps_rtk2/build --no-deps install_data
[4.411s] Level 1:colcon.colcon_core.environment:checking '/home/vom/ros2_ws/RasPi_GPS_IMU/install/gps_rtk2' for CMake module files
[4.412s] Level 1:colcon.colcon_core.environment:checking '/home/vom/ros2_ws/RasPi_GPS_IMU/install/gps_rtk2' for CMake config files
[4.412s] Level 1:colcon.colcon_core.environment:checking '/home/vom/ros2_ws/RasPi_GPS_IMU/install/gps_rtk2/lib'
[4.413s] Level 1:colcon.colcon_core.environment:checking '/home/vom/ros2_ws/RasPi_GPS_IMU/install/gps_rtk2/bin'
[4.413s] Level 1:colcon.colcon_core.environment:checking '/home/vom/ros2_ws/RasPi_GPS_IMU/install/gps_rtk2/lib/pkgconfig/gps_rtk2.pc'
[4.413s] Level 1:colcon.colcon_core.environment:checking '/home/vom/ros2_ws/RasPi_GPS_IMU/install/gps_rtk2/lib/python3.10/site-packages'
[4.413s] Level 1:colcon.colcon_core.shell:create_environment_hook('gps_rtk2', 'pythonpath')
[4.432s] INFO:colcon.colcon_core.shell:Creating environment hook '/home/vom/ros2_ws/RasPi_GPS_IMU/install/gps_rtk2/share/gps_rtk2/hook/pythonpath.ps1'
[4.432s] INFO:colcon.colcon_core.shell:Creating environment descriptor '/home/vom/ros2_ws/RasPi_GPS_IMU/install/gps_rtk2/share/gps_rtk2/hook/pythonpath.dsv'
[4.433s] INFO:colcon.colcon_core.shell:Creating environment hook '/home/vom/ros2_ws/RasPi_GPS_IMU/install/gps_rtk2/share/gps_rtk2/hook/pythonpath.sh'
[4.434s] Level 1:colcon.colcon_core.environment:checking '/home/vom/ros2_ws/RasPi_GPS_IMU/install/gps_rtk2/bin'
[4.434s] Level 1:colcon.colcon_core.environment:create_environment_scripts_only(gps_rtk2)
[4.456s] INFO:colcon.colcon_core.shell:Creating package script '/home/vom/ros2_ws/RasPi_GPS_IMU/install/gps_rtk2/share/gps_rtk2/package.ps1'
[4.457s] INFO:colcon.colcon_core.shell:Creating package descriptor '/home/vom/ros2_ws/RasPi_GPS_IMU/install/gps_rtk2/share/gps_rtk2/package.dsv'
[4.458s] INFO:colcon.colcon_core.shell:Creating package script '/home/vom/ros2_ws/RasPi_GPS_IMU/install/gps_rtk2/share/gps_rtk2/package.sh'
[4.460s] INFO:colcon.colcon_core.shell:Creating package script '/home/vom/ros2_ws/RasPi_GPS_IMU/install/gps_rtk2/share/gps_rtk2/package.bash'
[4.461s] INFO:colcon.colcon_core.shell:Creating package script '/home/vom/ros2_ws/RasPi_GPS_IMU/install/gps_rtk2/share/gps_rtk2/package.zsh'
[4.463s] Level 1:colcon.colcon_core.environment:create_file_with_runtime_dependencies(/home/vom/ros2_ws/RasPi_GPS_IMU/install/gps_rtk2/share/colcon-core/packages/gps_rtk2)
[4.466s] Level 1:colcon.colcon_core.shell:create_environment_hook('imu', 'pythonpath_develop')
[4.467s] DEBUG:colcon.colcon_core.event_handler.log_command:Invoked command in '/home/vom/ros2_ws/RasPi_GPS_IMU/build/imu' returned '0': PYTHONPATH=/home/vom/ros2_ws/RasPi_GPS_IMU/build/imu/prefix_override:/home/vom/ros2_ws/RasPi_GPS_IMU/install/imu/lib/python3.10/site-packages:${PYTHONPATH} /usr/bin/python3 setup.py develop --editable --build-directory /home/vom/ros2_ws/RasPi_GPS_IMU/build/imu/build --no-deps install_data
[4.485s] INFO:colcon.colcon_core.shell:Creating environment hook '/home/vom/ros2_ws/RasPi_GPS_IMU/build/imu/share/imu/hook/pythonpath_develop.ps1'
[4.485s] INFO:colcon.colcon_core.shell:Creating environment descriptor '/home/vom/ros2_ws/RasPi_GPS_IMU/build/imu/share/imu/hook/pythonpath_develop.dsv'
[4.486s] INFO:colcon.colcon_core.shell:Creating environment hook '/home/vom/ros2_ws/RasPi_GPS_IMU/build/imu/share/imu/hook/pythonpath_develop.sh'
[4.501s] Level 1:colcon.colcon_core.environment:checking '/home/vom/ros2_ws/RasPi_GPS_IMU/install/imu' for CMake module files
[4.502s] Level 1:colcon.colcon_core.environment:checking '/home/vom/ros2_ws/RasPi_GPS_IMU/install/imu' for CMake config files
[4.502s] Level 1:colcon.colcon_core.environment:checking '/home/vom/ros2_ws/RasPi_GPS_IMU/install/imu/lib'
[4.502s] Level 1:colcon.colcon_core.environment:checking '/home/vom/ros2_ws/RasPi_GPS_IMU/install/imu/bin'
[4.502s] Level 1:colcon.colcon_core.environment:checking '/home/vom/ros2_ws/RasPi_GPS_IMU/install/imu/lib/pkgconfig/imu.pc'
[4.503s] Level 1:colcon.colcon_core.environment:checking '/home/vom/ros2_ws/RasPi_GPS_IMU/install/imu/lib/python3.10/site-packages'
[4.503s] Level 1:colcon.colcon_core.shell:create_environment_hook('imu', 'pythonpath')
[4.518s] INFO:colcon.colcon_core.shell:Creating environment hook '/home/vom/ros2_ws/RasPi_GPS_IMU/install/imu/share/imu/hook/pythonpath.ps1'
[4.519s] INFO:colcon.colcon_core.shell:Creating environment descriptor '/home/vom/ros2_ws/RasPi_GPS_IMU/install/imu/share/imu/hook/pythonpath.dsv'
[4.520s] INFO:colcon.colcon_core.shell:Creating environment hook '/home/vom/ros2_ws/RasPi_GPS_IMU/install/imu/share/imu/hook/pythonpath.sh'
[4.520s] Level 1:colcon.colcon_core.environment:checking '/home/vom/ros2_ws/RasPi_GPS_IMU/install/imu/bin'
[4.520s] Level 1:colcon.colcon_core.environment:create_environment_scripts_only(imu)
[4.540s] INFO:colcon.colcon_core.shell:Creating package script '/home/vom/ros2_ws/RasPi_GPS_IMU/install/imu/share/imu/package.ps1'
[4.541s] INFO:colcon.colcon_core.shell:Creating package descriptor '/home/vom/ros2_ws/RasPi_GPS_IMU/install/imu/share/imu/package.dsv'
[4.542s] INFO:colcon.colcon_core.shell:Creating package script '/home/vom/ros2_ws/RasPi_GPS_IMU/install/imu/share/imu/package.sh'
[4.542s] INFO:colcon.colcon_core.shell:Creating package script '/home/vom/ros2_ws/RasPi_GPS_IMU/install/imu/share/imu/package.bash'
[4.543s] INFO:colcon.colcon_core.shell:Creating package script '/home/vom/ros2_ws/RasPi_GPS_IMU/install/imu/share/imu/package.zsh'
[4.544s] Level 1:colcon.colcon_core.environment:create_file_with_runtime_dependencies(/home/vom/ros2_ws/RasPi_GPS_IMU/install/imu/share/colcon-core/packages/imu)
[4.548s] DEBUG:colcon.colcon_core.event_handler.log_command:Invoked command in '/home/vom/ros2_ws/RasPi_GPS_IMU/build/yansa_bringup' returned '0': CMAKE_PREFIX_PATH=${CMAKE_PREFIX_PATH}:/home/vom/ros2_ws/RasPi_LiDAR/install/velodyne_lidar:/home/vom/ros2_ws/HusarionRosbot2R/install/my_robot_controller:/home/vom/ros2_ws/RasPi_GPS_IMU/install/imu:/home/vom/ros2_ws/RasPi_GPS_IMU/install/gps_rtk2:/opt/ros/humble /usr/bin/cmake /home/vom/ros2_ws/RasPi_GPS_IMU/src/yansa_bringup -DAMENT_CMAKE_SYMLINK_INSTALL=1 -DCMAKE_INSTALL_PREFIX=/home/vom/ros2_ws/RasPi_GPS_IMU/install/yansa_bringup
[4.549s] DEBUG:colcon.colcon_core.event_handler.log_command:Invoking command in '/home/vom/ros2_ws/RasPi_GPS_IMU/build/yansa_bringup': CMAKE_PREFIX_PATH=${CMAKE_PREFIX_PATH}:/home/vom/ros2_ws/RasPi_LiDAR/install/velodyne_lidar:/home/vom/ros2_ws/HusarionRosbot2R/install/my_robot_controller:/home/vom/ros2_ws/RasPi_GPS_IMU/install/imu:/home/vom/ros2_ws/RasPi_GPS_IMU/install/gps_rtk2:/opt/ros/humble /usr/bin/cmake --build /home/vom/ros2_ws/RasPi_GPS_IMU/build/yansa_bringup -- -j8 -l8
[4.593s] DEBUG:colcon.colcon_core.event_handler.log_command:Invoked command in '/home/vom/ros2_ws/RasPi_GPS_IMU/build/yansa_bringup' returned '0': CMAKE_PREFIX_PATH=${CMAKE_PREFIX_PATH}:/home/vom/ros2_ws/RasPi_LiDAR/install/velodyne_lidar:/home/vom/ros2_ws/HusarionRosbot2R/install/my_robot_controller:/home/vom/ros2_ws/RasPi_GPS_IMU/install/imu:/home/vom/ros2_ws/RasPi_GPS_IMU/install/gps_rtk2:/opt/ros/humble /usr/bin/cmake --build /home/vom/ros2_ws/RasPi_GPS_IMU/build/yansa_bringup -- -j8 -l8
[4.631s] DEBUG:colcon.colcon_core.event_handler.log_command:Invoking command in '/home/vom/ros2_ws/RasPi_GPS_IMU/build/yansa_bringup': CMAKE_PREFIX_PATH=${CMAKE_PREFIX_PATH}:/home/vom/ros2_ws/RasPi_LiDAR/install/velodyne_lidar:/home/vom/ros2_ws/HusarionRosbot2R/install/my_robot_controller:/home/vom/ros2_ws/RasPi_GPS_IMU/install/imu:/home/vom/ros2_ws/RasPi_GPS_IMU/install/gps_rtk2:/opt/ros/humble /usr/bin/cmake --install /home/vom/ros2_ws/RasPi_GPS_IMU/build/yansa_bringup
[4.778s] Level 1:colcon.colcon_core.environment:create_environment_scripts_only(yansa_bringup)
[4.780s] DEBUG:colcon.colcon_core.event_handler.log_command:Invoked command in '/home/vom/ros2_ws/RasPi_GPS_IMU/build/yansa_bringup' returned '0': CMAKE_PREFIX_PATH=${CMAKE_PREFIX_PATH}:/home/vom/ros2_ws/RasPi_LiDAR/install/velodyne_lidar:/home/vom/ros2_ws/HusarionRosbot2R/install/my_robot_controller:/home/vom/ros2_ws/RasPi_GPS_IMU/install/imu:/home/vom/ros2_ws/RasPi_GPS_IMU/install/gps_rtk2:/opt/ros/humble /usr/bin/cmake --install /home/vom/ros2_ws/RasPi_GPS_IMU/build/yansa_bringup
[4.797s] Level 1:colcon.colcon_core.environment:checking '/home/vom/ros2_ws/RasPi_GPS_IMU/install/yansa_bringup' for CMake module files
[4.797s] Level 1:colcon.colcon_core.environment:checking '/home/vom/ros2_ws/RasPi_GPS_IMU/install/yansa_bringup' for CMake config files
[4.798s] Level 1:colcon.colcon_core.shell:create_environment_hook('yansa_bringup', 'cmake_prefix_path')
[4.815s] INFO:colcon.colcon_core.shell:Creating environment hook '/home/vom/ros2_ws/RasPi_GPS_IMU/install/yansa_bringup/share/yansa_bringup/hook/cmake_prefix_path.ps1'
[4.815s] INFO:colcon.colcon_core.shell:Creating environment descriptor '/home/vom/ros2_ws/RasPi_GPS_IMU/install/yansa_bringup/share/yansa_bringup/hook/cmake_prefix_path.dsv'
[4.816s] INFO:colcon.colcon_core.shell:Creating environment hook '/home/vom/ros2_ws/RasPi_GPS_IMU/install/yansa_bringup/share/yansa_bringup/hook/cmake_prefix_path.sh'
[4.817s] Level 1:colcon.colcon_core.environment:checking '/home/vom/ros2_ws/RasPi_GPS_IMU/install/yansa_bringup/bin'
[4.817s] Level 1:colcon.colcon_core.environment:checking '/home/vom/ros2_ws/RasPi_GPS_IMU/install/yansa_bringup/lib/pkgconfig/yansa_bringup.pc'
[4.817s] Level 1:colcon.colcon_core.environment:checking '/home/vom/ros2_ws/RasPi_GPS_IMU/install/yansa_bringup/lib/python3.10/site-packages'
[4.818s] Level 1:colcon.colcon_core.environment:checking '/home/vom/ros2_ws/RasPi_GPS_IMU/install/yansa_bringup/bin'
[4.833s] INFO:colcon.colcon_core.shell:Creating package script '/home/vom/ros2_ws/RasPi_GPS_IMU/install/yansa_bringup/share/yansa_bringup/package.ps1'
[4.833s] INFO:colcon.colcon_core.shell:Creating package descriptor '/home/vom/ros2_ws/RasPi_GPS_IMU/install/yansa_bringup/share/yansa_bringup/package.dsv'
[4.833s] INFO:colcon.colcon_core.shell:Creating package script '/home/vom/ros2_ws/RasPi_GPS_IMU/install/yansa_bringup/share/yansa_bringup/package.sh'
[4.834s] INFO:colcon.colcon_core.shell:Creating package script '/home/vom/ros2_ws/RasPi_GPS_IMU/install/yansa_bringup/share/yansa_bringup/package.bash'
[4.834s] INFO:colcon.colcon_core.shell:Creating package script '/home/vom/ros2_ws/RasPi_GPS_IMU/install/yansa_bringup/share/yansa_bringup/package.zsh'
[4.834s] Level 1:colcon.colcon_core.environment:create_file_with_runtime_dependencies(/home/vom/ros2_ws/RasPi_GPS_IMU/install/yansa_bringup/share/colcon-core/packages/yansa_bringup)
[4.874s] Level 1:colcon.colcon_core.environment:create_environment_scripts_only(yansa_bringup)
[4.888s] Level 1:colcon.colcon_core.environment:checking '/home/vom/ros2_ws/RasPi_GPS_IMU/install/yansa_bringup' for CMake module files
[4.889s] Level 1:colcon.colcon_core.environment:checking '/home/vom/ros2_ws/RasPi_GPS_IMU/install/yansa_bringup' for CMake config files
[4.889s] Level 1:colcon.colcon_core.shell:create_environment_hook('yansa_bringup', 'cmake_prefix_path')
[4.909s] INFO:colcon.colcon_core.shell:Creating environment hook '/home/vom/ros2_ws/RasPi_GPS_IMU/install/yansa_bringup/share/yansa_bringup/hook/cmake_prefix_path.ps1'
[4.910s] INFO:colcon.colcon_core.shell:Creating environment descriptor '/home/vom/ros2_ws/RasPi_GPS_IMU/install/yansa_bringup/share/yansa_bringup/hook/cmake_prefix_path.dsv'
[4.910s] INFO:colcon.colcon_core.shell:Creating environment hook '/home/vom/ros2_ws/RasPi_GPS_IMU/install/yansa_bringup/share/yansa_bringup/hook/cmake_prefix_path.sh'
[4.912s] Level 1:colcon.colcon_core.environment:checking '/home/vom/ros2_ws/RasPi_GPS_IMU/install/yansa_bringup/bin'
[4.912s] Level 1:colcon.colcon_core.environment:checking '/home/vom/ros2_ws/RasPi_GPS_IMU/install/yansa_bringup/lib/pkgconfig/yansa_bringup.pc'
[4.912s] Level 1:colcon.colcon_core.environment:checking '/home/vom/ros2_ws/RasPi_GPS_IMU/install/yansa_bringup/lib/python3.10/site-packages'
[4.913s] Level 1:colcon.colcon_core.environment:checking '/home/vom/ros2_ws/RasPi_GPS_IMU/install/yansa_bringup/bin'
[4.928s] INFO:colcon.colcon_core.shell:Creating package script '/home/vom/ros2_ws/RasPi_GPS_IMU/install/yansa_bringup/share/yansa_bringup/package.ps1'
[4.929s] INFO:colcon.colcon_core.shell:Creating package descriptor '/home/vom/ros2_ws/RasPi_GPS_IMU/install/yansa_bringup/share/yansa_bringup/package.dsv'
[4.929s] INFO:colcon.colcon_core.shell:Creating package script '/home/vom/ros2_ws/RasPi_GPS_IMU/install/yansa_bringup/share/yansa_bringup/package.sh'
[4.930s] INFO:colcon.colcon_core.shell:Creating package script '/home/vom/ros2_ws/RasPi_GPS_IMU/install/yansa_bringup/share/yansa_bringup/package.bash'
[4.930s] INFO:colcon.colcon_core.shell:Creating package script '/home/vom/ros2_ws/RasPi_GPS_IMU/install/yansa_bringup/share/yansa_bringup/package.zsh'
[4.931s] Level 1:colcon.colcon_core.environment:create_file_with_runtime_dependencies(/home/vom/ros2_ws/RasPi_GPS_IMU/install/yansa_bringup/share/colcon-core/packages/yansa_bringup)
[4.931s] DEBUG:colcon.colcon_parallel_executor.executor.parallel:closing loop
[4.932s] DEBUG:colcon.colcon_parallel_executor.executor.parallel:loop closed
[4.932s] DEBUG:colcon.colcon_parallel_executor.executor.parallel:run_until_complete finished with '0'
[4.932s] DEBUG:colcon.colcon_core.event_reactor:joining thread
[4.964s] INFO:colcon.colcon_core.plugin_system:Skipping extension 'colcon_notification.desktop_notification.terminal_notifier': Not used on non-Darwin systems
[4.964s] INFO:colcon.colcon_core.plugin_system:Skipping extension 'colcon_notification.desktop_notification.win32': Not used on non-Windows systems
[4.964s] INFO:colcon.colcon_notification.desktop_notification:Sending desktop notification using 'notify2'
[4.978s] DEBUG:colcon.colcon_core.event_reactor:joined thread
[5.006s] INFO:colcon.colcon_core.shell:Creating prefix script '/home/vom/ros2_ws/RasPi_GPS_IMU/install/local_setup.ps1'
[5.008s] INFO:colcon.colcon_core.shell:Creating prefix util module '/home/vom/ros2_ws/RasPi_GPS_IMU/install/_local_setup_util_ps1.py'
[5.013s] INFO:colcon.colcon_core.shell:Creating prefix chain script '/home/vom/ros2_ws/RasPi_GPS_IMU/install/setup.ps1'
[5.045s] INFO:colcon.colcon_core.shell:Creating prefix script '/home/vom/ros2_ws/RasPi_GPS_IMU/install/local_setup.sh'
[5.047s] INFO:colcon.colcon_core.shell:Creating prefix util module '/home/vom/ros2_ws/RasPi_GPS_IMU/install/_local_setup_util_sh.py'
[5.048s] INFO:colcon.colcon_core.shell:Creating prefix chain script '/home/vom/ros2_ws/RasPi_GPS_IMU/install/setup.sh'
[5.064s] INFO:colcon.colcon_core.shell:Creating prefix script '/home/vom/ros2_ws/RasPi_GPS_IMU/install/local_setup.bash'
[5.065s] INFO:colcon.colcon_core.shell:Creating prefix chain script '/home/vom/ros2_ws/RasPi_GPS_IMU/install/setup.bash'
[5.080s] INFO:colcon.colcon_core.shell:Creating prefix script '/home/vom/ros2_ws/RasPi_GPS_IMU/install/local_setup.zsh'
[5.081s] INFO:colcon.colcon_core.shell:Creating prefix chain script '/home/vom/ros2_ws/RasPi_GPS_IMU/install/setup.zsh'
