running develop
running egg_info
creating imu.egg-info
writing imu.egg-info/PKG-INFO
writing dependency_links to imu.egg-info/dependency_links.txt
writing entry points to imu.egg-info/entry_points.txt
writing requirements to imu.egg-info/requires.txt
writing top-level names to imu.egg-info/top_level.txt
writing manifest file 'imu.egg-info/SOURCES.txt'
reading manifest file 'imu.egg-info/SOURCES.txt'
writing manifest file 'imu.egg-info/SOURCES.txt'
running build_ext
Creating /home/ubuntu/RasPi_GPS_IMU/install/imu/lib/python3.8/site-packages/site.py
Creating /home/ubuntu/RasPi_GPS_IMU/install/imu/lib/python3.8/site-packages/imu.egg-link (link to .)
Installing imu_read script to /home/ubuntu/RasPi_GPS_IMU/install/imu/lib/imu

Installed /home/ubuntu/RasPi_GPS_IMU/build/imu
running install_data
creating /home/ubuntu/RasPi_GPS_IMU/install/imu/share/ament_index
creating /home/ubuntu/RasPi_GPS_IMU/install/imu/share/ament_index/resource_index
creating /home/ubuntu/RasPi_GPS_IMU/install/imu/share/ament_index/resource_index/packages
copying resource/imu -> /home/ubuntu/RasPi_GPS_IMU/install/imu/share/ament_index/resource_index/packages
copying package.xml -> /home/ubuntu/RasPi_GPS_IMU/install/imu/share/imu
