[4.554s] Invoking command in '/home/ubuntu/RasPi_GPS_IMU/build/imu': PYTHONPATH=/home/ubuntu/RasPi_GPS_IMU/build/imu/prefix_override:/home/ubuntu/RasPi_GPS_IMU/install/imu/lib/python3.8/site-packages:${PYTHONPATH} /usr/bin/python3 setup.py develop --editable --build-directory /home/ubuntu/RasPi_GPS_IMU/build/imu/build --no-deps install_data
[6.089s] running develop
[7.025s] running egg_info
[7.026s] creating imu.egg-info
[7.028s] writing imu.egg-info/PKG-INFO
[7.032s] writing dependency_links to imu.egg-info/dependency_links.txt
[7.034s] writing entry points to imu.egg-info/entry_points.txt
[7.037s] writing requirements to imu.egg-info/requires.txt
[7.039s] writing top-level names to imu.egg-info/top_level.txt
[7.077s] writing manifest file 'imu.egg-info/SOURCES.txt'
[7.287s] reading manifest file 'imu.egg-info/SOURCES.txt'
[7.291s] writing manifest file 'imu.egg-info/SOURCES.txt'
[7.508s] running build_ext
[7.509s] Creating /home/ubuntu/RasPi_GPS_IMU/install/imu/lib/python3.8/site-packages/site.py
[7.522s] Creating /home/ubuntu/RasPi_GPS_IMU/install/imu/lib/python3.8/site-packages/imu.egg-link (link to .)
[7.530s] Installing imu_read script to /home/ubuntu/RasPi_GPS_IMU/install/imu/lib/imu
[7.533s] 
[7.537s] Installed /home/ubuntu/RasPi_GPS_IMU/build/imu
[7.540s] running install_data
[7.542s] creating /home/ubuntu/RasPi_GPS_IMU/install/imu/share/ament_index
[7.545s] creating /home/ubuntu/RasPi_GPS_IMU/install/imu/share/ament_index/resource_index
[7.548s] creating /home/ubuntu/RasPi_GPS_IMU/install/imu/share/ament_index/resource_index/packages
[7.550s] copying resource/imu -> /home/ubuntu/RasPi_GPS_IMU/install/imu/share/ament_index/resource_index/packages
[7.561s] copying package.xml -> /home/ubuntu/RasPi_GPS_IMU/install/imu/share/imu
[7.854s] Invoked command in '/home/ubuntu/RasPi_GPS_IMU/build/imu' returned '0': PYTHONPATH=/home/ubuntu/RasPi_GPS_IMU/build/imu/prefix_override:/home/ubuntu/RasPi_GPS_IMU/install/imu/lib/python3.8/site-packages:${PYTHONPATH} /usr/bin/python3 setup.py develop --editable --build-directory /home/ubuntu/RasPi_GPS_IMU/build/imu/build --no-deps install_data
